{"/Users/christianfindlay/Documents/Code/ApiTesting/src/Nap.VsCode/out/explorerProvider.js":{"path":"/Users/christianfindlay/Documents/Code/ApiTesting/src/Nap.VsCode/out/explorerProvider.js","statementMap":{"0":{"start":{"line":5,"column":22},"end":{"line":15,"column":3}},"1":{"start":{"line":6,"column":4},"end":{"line":6,"column":33}},"2":{"start":{"line":6,"column":26},"end":{"line":6,"column":33}},"3":{"start":{"line":7,"column":15},"end":{"line":7,"column":52}},"4":{"start":{"line":8,"column":4},"end":{"line":10,"column":5}},"5":{"start":{"line":9,"column":6},"end":{"line":9,"column":68}},"6":{"start":{"line":9,"column":51},"end":{"line":9,"column":63}},"7":{"start":{"line":11,"column":4},"end":{"line":11,"column":39}},"8":{"start":{"line":13,"column":4},"end":{"line":13,"column":33}},"9":{"start":{"line":13,"column":26},"end":{"line":13,"column":33}},"10":{"start":{"line":14,"column":4},"end":{"line":14,"column":17}},"11":{"start":{"line":16,"column":25},"end":{"line":20,"column":2}},"12":{"start":{"line":17,"column":4},"end":{"line":17,"column":72}},"13":{"start":{"line":19,"column":4},"end":{"line":19,"column":21}},"14":{"start":{"line":21,"column":19},"end":{"line":37,"column":4}},"15":{"start":{"line":22,"column":18},"end":{"line":29,"column":5}},"16":{"start":{"line":23,"column":8},"end":{"line":27,"column":10}},"17":{"start":{"line":24,"column":21},"end":{"line":24,"column":23}},"18":{"start":{"line":25,"column":12},"end":{"line":25,"column":95}},"19":{"start":{"line":25,"column":29},"end":{"line":25,"column":95}},"20":{"start":{"line":25,"column":77},"end":{"line":25,"column":95}},"21":{"start":{"line":26,"column":12},"end":{"line":26,"column":22}},"22":{"start":{"line":28,"column":8},"end":{"line":28,"column":26}},"23":{"start":{"line":30,"column":4},"end":{"line":36,"column":6}},"24":{"start":{"line":31,"column":8},"end":{"line":31,"column":46}},"25":{"start":{"line":31,"column":35},"end":{"line":31,"column":46}},"26":{"start":{"line":32,"column":21},"end":{"line":32,"column":23}},"27":{"start":{"line":33,"column":8},"end":{"line":33,"column":137}},"28":{"start":{"line":33,"column":25},"end":{"line":33,"column":137}},"29":{"start":{"line":33,"column":38},"end":{"line":33,"column":50}},"30":{"start":{"line":33,"column":56},"end":{"line":33,"column":57}},"31":{"start":{"line":33,"column":78},"end":{"line":33,"column":137}},"32":{"start":{"line":33,"column":102},"end":{"line":33,"column":137}},"33":{"start":{"line":34,"column":8},"end":{"line":34,"column":40}},"34":{"start":{"line":35,"column":8},"end":{"line":35,"column":22}},"35":{"start":{"line":38,"column":0},"end":{"line":38,"column":62}},"36":{"start":{"line":39,"column":0},"end":{"line":39,"column":217}},"37":{"start":{"line":40,"column":13},"end":{"line":40,"column":42}},"38":{"start":{"line":41,"column":20},"end":{"line":41,"column":42}},"39":{"start":{"line":42,"column":16},"end":{"line":42,"column":34}},"40":{"start":{"line":43,"column":21},"end":{"line":43,"column":127}},"41":{"start":{"line":43,"column":35},"end":{"line":43,"column":127}},"42":{"start":{"line":43,"column":147},"end":{"line":51,"column":1}},"43":{"start":{"line":44,"column":4},"end":{"line":46,"column":5}},"44":{"start":{"line":45,"column":8},"end":{"line":45,"column":44}},"45":{"start":{"line":47,"column":4},"end":{"line":49,"column":5}},"46":{"start":{"line":48,"column":8},"end":{"line":48,"column":47}},"47":{"start":{"line":50,"column":4},"end":{"line":50,"column":44}},"48":{"start":{"line":51,"column":18},"end":{"line":53,"column":59}},"49":{"start":{"line":51,"column":39},"end":{"line":53,"column":59}},"50":{"start":{"line":53,"column":81},"end":{"line":67,"column":1}},"51":{"start":{"line":54,"column":18},"end":{"line":54,"column":41}},"52":{"start":{"line":55,"column":4},"end":{"line":65,"column":5}},"53":{"start":{"line":56,"column":24},"end":{"line":56,"column":35}},"54":{"start":{"line":57,"column":8},"end":{"line":59,"column":9}},"55":{"start":{"line":58,"column":12},"end":{"line":58,"column":21}},"56":{"start":{"line":60,"column":8},"end":{"line":64,"column":9}},"57":{"start":{"line":61,"column":12},"end":{"line":63,"column":13}},"58":{"start":{"line":62,"column":16},"end":{"line":62,"column":30}},"59":{"start":{"line":66,"column":4},"end":{"line":66,"column":21}},"60":{"start":{"line":67,"column":17},"end":{"line":76,"column":1}},"61":{"start":{"line":68,"column":19},"end":{"line":68,"column":40}},"62":{"start":{"line":69,"column":4},"end":{"line":71,"column":5}},"63":{"start":{"line":70,"column":8},"end":{"line":70,"column":37}},"64":{"start":{"line":72,"column":4},"end":{"line":74,"column":5}},"65":{"start":{"line":73,"column":8},"end":{"line":73,"column":38}},"66":{"start":{"line":75,"column":4},"end":{"line":75,"column":77}},"67":{"start":{"line":77,"column":23},"end":{"line":91,"column":1}},"68":{"start":{"line":78,"column":19},"end":{"line":80,"column":19}},"69":{"start":{"line":80,"column":28},"end":{"line":86,"column":5}},"70":{"start":{"line":87,"column":4},"end":{"line":89,"column":5}},"71":{"start":{"line":88,"column":8},"end":{"line":88,"column":47}},"72":{"start":{"line":90,"column":4},"end":{"line":90,"column":16}},"73":{"start":{"line":92,"column":0},"end":{"line":92,"column":40}},"74":{"start":{"line":93,"column":25},"end":{"line":100,"column":2}},"75":{"start":{"line":93,"column":52},"end":{"line":100,"column":1}},"76":{"start":{"line":101,"column":0},"end":{"line":101,"column":44}},"77":{"start":{"line":102,"column":24},"end":{"line":102,"column":85}},"78":{"start":{"line":102,"column":37},"end":{"line":102,"column":85}},"79":{"start":{"line":103,"column":31},"end":{"line":119,"column":1}},"80":{"start":{"line":104,"column":18},"end":{"line":104,"column":37}},"81":{"start":{"line":105,"column":18},"end":{"line":105,"column":23}},"82":{"start":{"line":106,"column":18},"end":{"line":106,"column":20}},"83":{"start":{"line":107,"column":4},"end":{"line":117,"column":5}},"84":{"start":{"line":108,"column":24},"end":{"line":108,"column":35}},"85":{"start":{"line":109,"column":8},"end":{"line":112,"column":9}},"86":{"start":{"line":110,"column":12},"end":{"line":110,"column":60}},"87":{"start":{"line":111,"column":12},"end":{"line":111,"column":21}},"88":{"start":{"line":113,"column":8},"end":{"line":115,"column":9}},"89":{"start":{"line":114,"column":12},"end":{"line":114,"column":21}},"90":{"start":{"line":116,"column":8},"end":{"line":116,"column":28}},"91":{"start":{"line":118,"column":4},"end":{"line":118,"column":17}},"92":{"start":{"line":120,"column":0},"end":{"line":120,"column":56}},"93":{"start":{"line":121,"column":27},"end":{"line":128,"column":2}},"94":{"start":{"line":121,"column":65},"end":{"line":128,"column":1}},"95":{"start":{"line":129,"column":0},"end":{"line":129,"column":48}},"96":{"start":{"line":130,"column":34},"end":{"line":137,"column":2}},"97":{"start":{"line":130,"column":49},"end":{"line":137,"column":1}},"98":{"start":{"line":138,"column":0},"end":{"line":138,"column":62}},"99":{"start":{"line":139,"column":29},"end":{"line":156,"column":1}},"100":{"start":{"line":140,"column":18},"end":{"line":140,"column":23}},"101":{"start":{"line":141,"column":4},"end":{"line":154,"column":5}},"102":{"start":{"line":141,"column":17},"end":{"line":141,"column":18}},"103":{"start":{"line":142,"column":21},"end":{"line":142,"column":29}},"104":{"start":{"line":143,"column":8},"end":{"line":145,"column":9}},"105":{"start":{"line":144,"column":12},"end":{"line":144,"column":21}},"106":{"start":{"line":146,"column":24},"end":{"line":146,"column":35}},"107":{"start":{"line":147,"column":8},"end":{"line":150,"column":9}},"108":{"start":{"line":148,"column":12},"end":{"line":148,"column":27}},"109":{"start":{"line":149,"column":12},"end":{"line":149,"column":21}},"110":{"start":{"line":151,"column":8},"end":{"line":153,"column":9}},"111":{"start":{"line":152,"column":12},"end":{"line":152,"column":47}},"112":{"start":{"line":155,"column":4},"end":{"line":155,"column":44}},"113":{"start":{"line":157,"column":29},"end":{"line":164,"column":1}},"114":{"start":{"line":158,"column":18},"end":{"line":158,"column":37}},"115":{"start":{"line":158,"column":48},"end":{"line":158,"column":75}},"116":{"start":{"line":159,"column":4},"end":{"line":161,"column":5}},"117":{"start":{"line":160,"column":8},"end":{"line":160,"column":73}},"118":{"start":{"line":162,"column":4},"end":{"line":162,"column":44}},"119":{"start":{"line":163,"column":4},"end":{"line":163,"column":28}},"120":{"start":{"line":165,"column":0},"end":{"line":165,"column":52}},"121":{"start":{"line":166,"column":27},"end":{"line":171,"column":1}},"122":{"start":{"line":167,"column":18},"end":{"line":167,"column":37}},"123":{"start":{"line":167,"column":49},"end":{"line":169,"column":15}},"124":{"start":{"line":167,"column":69},"end":{"line":169,"column":14}},"125":{"start":{"line":170,"column":4},"end":{"line":170,"column":30}},"126":{"start":{"line":172,"column":0},"end":{"line":172,"column":48}}},"fnMap":{"0":{"name":"(anonymous_0)","decl":{"start":{"line":5,"column":74},"end":{"line":5,"column":75}},"loc":{"start":{"line":5,"column":96},"end":{"line":12,"column":1}},"line":5},"1":{"name":"(anonymous_1)","decl":{"start":{"line":9,"column":38},"end":{"line":9,"column":39}},"loc":{"start":{"line":9,"column":49},"end":{"line":9,"column":65}},"line":9},"2":{"name":"(anonymous_2)","decl":{"start":{"line":12,"column":6},"end":{"line":12,"column":7}},"loc":{"start":{"line":12,"column":28},"end":{"line":15,"column":1}},"line":12},"3":{"name":"(anonymous_3)","decl":{"start":{"line":16,"column":80},"end":{"line":16,"column":81}},"loc":{"start":{"line":16,"column":95},"end":{"line":18,"column":1}},"line":16},"4":{"name":"(anonymous_4)","decl":{"start":{"line":18,"column":5},"end":{"line":18,"column":6}},"loc":{"start":{"line":18,"column":20},"end":{"line":20,"column":1}},"line":18},"5":{"name":"(anonymous_5)","decl":{"start":{"line":21,"column":51},"end":{"line":21,"column":52}},"loc":{"start":{"line":21,"column":63},"end":{"line":37,"column":1}},"line":21},"6":{"name":"(anonymous_6)","decl":{"start":{"line":22,"column":18},"end":{"line":22,"column":19}},"loc":{"start":{"line":22,"column":30},"end":{"line":29,"column":5}},"line":22},"7":{"name":"(anonymous_7)","decl":{"start":{"line":23,"column":48},"end":{"line":23,"column":49}},"loc":{"start":{"line":23,"column":61},"end":{"line":27,"column":9}},"line":23},"8":{"name":"(anonymous_8)","decl":{"start":{"line":30,"column":11},"end":{"line":30,"column":12}},"loc":{"start":{"line":30,"column":26},"end":{"line":36,"column":5}},"line":30},"9":{"name":"(anonymous_9)","decl":{"start":{"line":43,"column":21},"end":{"line":43,"column":22}},"loc":{"start":{"line":43,"column":35},"end":{"line":43,"column":127}},"line":43},"10":{"name":"(anonymous_10)","decl":{"start":{"line":43,"column":147},"end":{"line":43,"column":148}},"loc":{"start":{"line":43,"column":161},"end":{"line":51,"column":1}},"line":43},"11":{"name":"(anonymous_11)","decl":{"start":{"line":51,"column":18},"end":{"line":51,"column":19}},"loc":{"start":{"line":51,"column":39},"end":{"line":53,"column":59}},"line":51},"12":{"name":"(anonymous_12)","decl":{"start":{"line":53,"column":81},"end":{"line":53,"column":82}},"loc":{"start":{"line":53,"column":98},"end":{"line":67,"column":1}},"line":53},"13":{"name":"(anonymous_13)","decl":{"start":{"line":67,"column":17},"end":{"line":67,"column":18}},"loc":{"start":{"line":67,"column":40},"end":{"line":76,"column":1}},"line":67},"14":{"name":"(anonymous_14)","decl":{"start":{"line":77,"column":23},"end":{"line":77,"column":24}},"loc":{"start":{"line":77,"column":59},"end":{"line":91,"column":1}},"line":77},"15":{"name":"(anonymous_15)","decl":{"start":{"line":93,"column":25},"end":{"line":93,"column":26}},"loc":{"start":{"line":93,"column":52},"end":{"line":100,"column":1}},"line":93},"16":{"name":"(anonymous_16)","decl":{"start":{"line":102,"column":24},"end":{"line":102,"column":25}},"loc":{"start":{"line":102,"column":37},"end":{"line":102,"column":85}},"line":102},"17":{"name":"(anonymous_17)","decl":{"start":{"line":103,"column":31},"end":{"line":103,"column":32}},"loc":{"start":{"line":103,"column":44},"end":{"line":119,"column":1}},"line":103},"18":{"name":"(anonymous_18)","decl":{"start":{"line":121,"column":27},"end":{"line":121,"column":28}},"loc":{"start":{"line":121,"column":65},"end":{"line":128,"column":1}},"line":121},"19":{"name":"(anonymous_19)","decl":{"start":{"line":130,"column":34},"end":{"line":130,"column":35}},"loc":{"start":{"line":130,"column":49},"end":{"line":137,"column":1}},"line":130},"20":{"name":"(anonymous_20)","decl":{"start":{"line":139,"column":29},"end":{"line":139,"column":30}},"loc":{"start":{"line":139,"column":40},"end":{"line":156,"column":1}},"line":139},"21":{"name":"(anonymous_21)","decl":{"start":{"line":157,"column":29},"end":{"line":157,"column":30}},"loc":{"start":{"line":157,"column":52},"end":{"line":164,"column":1}},"line":157},"22":{"name":"(anonymous_22)","decl":{"start":{"line":166,"column":27},"end":{"line":166,"column":28}},"loc":{"start":{"line":166,"column":49},"end":{"line":171,"column":1}},"line":166},"23":{"name":"(anonymous_23)","decl":{"start":{"line":167,"column":59},"end":{"line":167,"column":60}},"loc":{"start":{"line":167,"column":69},"end":{"line":169,"column":14}},"line":167}},"branchMap":{"0":{"loc":{"start":{"line":5,"column":22},"end":{"line":15,"column":3}},"type":"binary-expr","locations":[{"start":{"line":5,"column":23},"end":{"line":5,"column":27}},{"start":{"line":5,"column":31},"end":{"line":5,"column":51}},{"start":{"line":5,"column":57},"end":{"line":15,"column":2}}],"line":5},"1":{"loc":{"start":{"line":5,"column":57},"end":{"line":15,"column":2}},"type":"cond-expr","locations":[{"start":{"line":5,"column":74},"end":{"line":12,"column":1}},{"start":{"line":12,"column":6},"end":{"line":15,"column":1}}],"line":5},"2":{"loc":{"start":{"line":6,"column":4},"end":{"line":6,"column":33}},"type":"if","locations":[{"start":{"line":6,"column":4},"end":{"line":6,"column":33}},{"start":{},"end":{}}],"line":6},"3":{"loc":{"start":{"line":8,"column":4},"end":{"line":10,"column":5}},"type":"if","locations":[{"start":{"line":8,"column":4},"end":{"line":10,"column":5}},{"start":{},"end":{}}],"line":8},"4":{"loc":{"start":{"line":8,"column":8},"end":{"line":8,"column":85}},"type":"binary-expr","locations":[{"start":{"line":8,"column":8},"end":{"line":8,"column":13}},{"start":{"line":8,"column":18},"end":{"line":8,"column":84}}],"line":8},"5":{"loc":{"start":{"line":8,"column":18},"end":{"line":8,"column":84}},"type":"cond-expr","locations":[{"start":{"line":8,"column":34},"end":{"line":8,"column":47}},{"start":{"line":8,"column":50},"end":{"line":8,"column":84}}],"line":8},"6":{"loc":{"start":{"line":8,"column":50},"end":{"line":8,"column":84}},"type":"binary-expr","locations":[{"start":{"line":8,"column":50},"end":{"line":8,"column":63}},{"start":{"line":8,"column":67},"end":{"line":8,"column":84}}],"line":8},"7":{"loc":{"start":{"line":13,"column":4},"end":{"line":13,"column":33}},"type":"if","locations":[{"start":{"line":13,"column":4},"end":{"line":13,"column":33}},{"start":{},"end":{}}],"line":13},"8":{"loc":{"start":{"line":16,"column":25},"end":{"line":20,"column":2}},"type":"binary-expr","locations":[{"start":{"line":16,"column":26},"end":{"line":16,"column":30}},{"start":{"line":16,"column":34},"end":{"line":16,"column":57}},{"start":{"line":16,"column":63},"end":{"line":20,"column":1}}],"line":16},"9":{"loc":{"start":{"line":16,"column":63},"end":{"line":20,"column":1}},"type":"cond-expr","locations":[{"start":{"line":16,"column":80},"end":{"line":18,"column":1}},{"start":{"line":18,"column":5},"end":{"line":20,"column":1}}],"line":16},"10":{"loc":{"start":{"line":21,"column":19},"end":{"line":37,"column":4}},"type":"binary-expr","locations":[{"start":{"line":21,"column":20},"end":{"line":21,"column":24}},{"start":{"line":21,"column":28},"end":{"line":21,"column":45}},{"start":{"line":21,"column":50},"end":{"line":37,"column":4}}],"line":21},"11":{"loc":{"start":{"line":23,"column":18},"end":{"line":27,"column":9}},"type":"binary-expr","locations":[{"start":{"line":23,"column":18},"end":{"line":23,"column":44}},{"start":{"line":23,"column":48},"end":{"line":27,"column":9}}],"line":23},"12":{"loc":{"start":{"line":25,"column":29},"end":{"line":25,"column":95}},"type":"if","locations":[{"start":{"line":25,"column":29},"end":{"line":25,"column":95}},{"start":{},"end":{}}],"line":25},"13":{"loc":{"start":{"line":31,"column":8},"end":{"line":31,"column":46}},"type":"if","locations":[{"start":{"line":31,"column":8},"end":{"line":31,"column":46}},{"start":{},"end":{}}],"line":31},"14":{"loc":{"start":{"line":31,"column":12},"end":{"line":31,"column":33}},"type":"binary-expr","locations":[{"start":{"line":31,"column":12},"end":{"line":31,"column":15}},{"start":{"line":31,"column":19},"end":{"line":31,"column":33}}],"line":31},"15":{"loc":{"start":{"line":33,"column":8},"end":{"line":33,"column":137}},"type":"if","locations":[{"start":{"line":33,"column":8},"end":{"line":33,"column":137}},{"start":{},"end":{}}],"line":33},"16":{"loc":{"start":{"line":33,"column":78},"end":{"line":33,"column":137}},"type":"if","locations":[{"start":{"line":33,"column":78},"end":{"line":33,"column":137}},{"start":{},"end":{}}],"line":33},"17":{"loc":{"start":{"line":43,"column":35},"end":{"line":43,"column":127}},"type":"binary-expr","locations":[{"start":{"line":43,"column":35},"end":{"line":43,"column":79}},{"start":{"line":43,"column":83},"end":{"line":43,"column":127}}],"line":43},"18":{"loc":{"start":{"line":44,"column":4},"end":{"line":46,"column":5}},"type":"if","locations":[{"start":{"line":44,"column":4},"end":{"line":46,"column":5}},{"start":{},"end":{}}],"line":44},"19":{"loc":{"start":{"line":47,"column":4},"end":{"line":49,"column":5}},"type":"if","locations":[{"start":{"line":47,"column":4},"end":{"line":49,"column":5}},{"start":{},"end":{}}],"line":47},"20":{"loc":{"start":{"line":51,"column":39},"end":{"line":53,"column":59}},"type":"binary-expr","locations":[{"start":{"line":51,"column":39},"end":{"line":51,"column":71}},{"start":{"line":52,"column":4},"end":{"line":52,"column":60}},{"start":{"line":53,"column":4},"end":{"line":53,"column":59}}],"line":51},"21":{"loc":{"start":{"line":57,"column":8},"end":{"line":59,"column":9}},"type":"if","locations":[{"start":{"line":57,"column":8},"end":{"line":59,"column":9}},{"start":{},"end":{}}],"line":57},"22":{"loc":{"start":{"line":57,"column":12},"end":{"line":57,"column":59}},"type":"binary-expr","locations":[{"start":{"line":57,"column":12},"end":{"line":57,"column":32}},{"start":{"line":57,"column":36},"end":{"line":57,"column":59}}],"line":57},"23":{"loc":{"start":{"line":61,"column":12},"end":{"line":63,"column":13}},"type":"if","locations":[{"start":{"line":61,"column":12},"end":{"line":63,"column":13}},{"start":{},"end":{}}],"line":61},"24":{"loc":{"start":{"line":69,"column":4},"end":{"line":71,"column":5}},"type":"if","locations":[{"start":{"line":69,"column":4},"end":{"line":71,"column":5}},{"start":{},"end":{}}],"line":69},"25":{"loc":{"start":{"line":72,"column":4},"end":{"line":74,"column":5}},"type":"if","locations":[{"start":{"line":72,"column":4},"end":{"line":74,"column":5}},{"start":{},"end":{}}],"line":72},"26":{"loc":{"start":{"line":75,"column":11},"end":{"line":75,"column":76}},"type":"cond-expr","locations":[{"start":{"line":75,"column":27},"end":{"line":75,"column":50}},{"start":{"line":75,"column":53},"end":{"line":75,"column":76}}],"line":75},"27":{"loc":{"start":{"line":78,"column":19},"end":{"line":80,"column":19}},"type":"cond-expr","locations":[{"start":{"line":79,"column":10},"end":{"line":79,"column":40}},{"start":{"line":80,"column":10},"end":{"line":80,"column":19}}],"line":78},"28":{"loc":{"start":{"line":87,"column":4},"end":{"line":89,"column":5}},"type":"if","locations":[{"start":{"line":87,"column":4},"end":{"line":89,"column":5}},{"start":{},"end":{}}],"line":87},"29":{"loc":{"start":{"line":102,"column":37},"end":{"line":102,"column":85}},"type":"binary-expr","locations":[{"start":{"line":102,"column":37},"end":{"line":102,"column":60}},{"start":{"line":102,"column":64},"end":{"line":102,"column":85}}],"line":102},"30":{"loc":{"start":{"line":109,"column":8},"end":{"line":112,"column":9}},"type":"if","locations":[{"start":{"line":109,"column":8},"end":{"line":112,"column":9}},{"start":{},"end":{}}],"line":109},"31":{"loc":{"start":{"line":113,"column":8},"end":{"line":115,"column":9}},"type":"if","locations":[{"start":{"line":113,"column":8},"end":{"line":115,"column":9}},{"start":{},"end":{}}],"line":113},"32":{"loc":{"start":{"line":113,"column":12},"end":{"line":113,"column":71}},"type":"binary-expr","locations":[{"start":{"line":113,"column":12},"end":{"line":113,"column":20}},{"start":{"line":113,"column":24},"end":{"line":113,"column":44}},{"start":{"line":113,"column":48},"end":{"line":113,"column":71}}],"line":113},"33":{"loc":{"start":{"line":143,"column":8},"end":{"line":145,"column":9}},"type":"if","locations":[{"start":{"line":143,"column":8},"end":{"line":145,"column":9}},{"start":{},"end":{}}],"line":143},"34":{"loc":{"start":{"line":147,"column":8},"end":{"line":150,"column":9}},"type":"if","locations":[{"start":{"line":147,"column":8},"end":{"line":150,"column":9}},{"start":{},"end":{}}],"line":147},"35":{"loc":{"start":{"line":151,"column":8},"end":{"line":153,"column":9}},"type":"if","locations":[{"start":{"line":151,"column":8},"end":{"line":153,"column":9}},{"start":{},"end":{}}],"line":151},"36":{"loc":{"start":{"line":151,"column":12},"end":{"line":151,"column":47}},"type":"binary-expr","locations":[{"start":{"line":151,"column":12},"end":{"line":151,"column":19}},{"start":{"line":151,"column":23},"end":{"line":151,"column":47}}],"line":151},"37":{"loc":{"start":{"line":159,"column":4},"end":{"line":161,"column":5}},"type":"if","locations":[{"start":{"line":159,"column":4},"end":{"line":161,"column":5}},{"start":{},"end":{}}],"line":159},"38":{"loc":{"start":{"line":167,"column":69},"end":{"line":169,"column":14}},"type":"cond-expr","locations":[{"start":{"line":168,"column":10},"end":{"line":168,"column":90}},{"start":{"line":169,"column":10},"end":{"line":169,"column":14}}],"line":167}},"s":{"0":1,"1":17,"2":17,"3":17,"4":17,"5":17,"6":53,"7":17,"8":0,"9":0,"10":0,"11":1,"12":1,"13":0,"14":1,"15":1,"16":1,"17":0,"18":0,"19":0,"20":0,"21":0,"22":1,"23":1,"24":1,"25":0,"26":1,"27":1,"28":1,"29":1,"30":1,"31":17,"32":17,"33":1,"34":1,"35":1,"36":1,"37":1,"38":1,"39":1,"40":1,"41":21,"42":1,"43":23,"44":2,"45":21,"46":2,"47":19,"48":1,"49":150,"50":1,"51":19,"52":19,"53":37,"54":37,"55":1,"56":36,"57":150,"58":18,"59":1,"60":1,"61":25,"62":25,"63":18,"64":7,"65":2,"66":5,"67":1,"68":23,"69":23,"70":23,"71":18,"72":5,"73":1,"74":1,"75":3,"76":1,"77":1,"78":28,"79":1,"80":5,"81":5,"82":5,"83":5,"84":24,"85":24,"86":7,"87":7,"88":17,"89":11,"90":6,"91":5,"92":1,"93":1,"94":2,"95":1,"96":1,"97":2,"98":1,"99":1,"100":3,"101":3,"102":3,"103":12,"104":12,"105":0,"106":12,"107":12,"108":2,"109":2,"110":10,"111":1,"112":2,"113":1,"114":3,"115":3,"116":3,"117":1,"118":2,"119":2,"120":1,"121":1,"122":2,"123":2,"124":9,"125":2,"126":1},"f":{"0":17,"1":53,"2":0,"3":1,"4":0,"5":1,"6":1,"7":0,"8":1,"9":21,"10":23,"11":150,"12":19,"13":25,"14":23,"15":3,"16":28,"17":5,"18":2,"19":2,"20":3,"21":3,"22":2,"23":9},"b":{"0":[1,1,1],"1":[1,0],"2":[17,0],"3":[17,0],"4":[17,17],"5":[0,17],"6":[17,0],"7":[0,0],"8":[1,1,1],"9":[1,0],"10":[1,1,1],"11":[1,0],"12":[0,0],"13":[0,1],"14":[1,1],"15":[1,0],"16":[17,0],"17":[21,20],"18":[2,21],"19":[2,19],"20":[150,148,148],"21":[1,36],"22":[37,36],"23":[18,132],"24":[18,7],"25":[2,5],"26":[3,2],"27":[19,4],"28":[18,5],"29":[28,8],"30":[7,17],"31":[11,6],"32":[17,11,7],"33":[0,12],"34":[2,10],"35":[1,9],"36":[10,4],"37":[1,2],"38":[1,8]},"inputSourceMap":{"version":3,"file":"explorerProvider.js","sourceRoot":"","sources":["../src/explorerProvider.ts"],"names":[],"mappings":";AAAA,2CAA2C;AAC3C,2CAA2C;AAC3C,8DAA8D;;;;;;;;;;;;;;;;;;;;;;;;;;;;;;;;;;;;AAE9D,2CAA6B;AAC7B,2CAgBqB;AACrB,mCAAmD;AAanD,MAAM,YAAY,GAAG,CAAC,QAAgB,EAAW,EAAE,CACjD,QAAQ,CAAC,QAAQ,CAAC,yBAAa,CAAC,IAAI,QAAQ,CAAC,QAAQ,CAAC,yBAAa,CAAC,EAErE,eAAe,GAAG,CAAC,QAAgB,EAAU,EAAE;IAC9C,IAAI,QAAQ,CAAC,QAAQ,CAAC,6BAAiB,CAAC,EAAE,CAAC;QACzC,OAAO,4BAAgB,CAAC;IAC1B,CAAC;IACD,IAAI,YAAY,CAAC,QAAQ,CAAC,EAAE,CAAC;QAC3B,OAAO,+BAAmB,CAAC;IAC7B,CAAC;IACD,OAAO,gCAAoB,CAAC;AAC9B,CAAC,EAEA,YAAY,GAAG,CAAC,OAAe,EAAE,MAAc,EAAW,EAAE,CAC3D,OAAO,CAAC,UAAU,CAAC,GAAG,MAAM,GAAG,CAAC;IAChC,OAAO,KAAK,GAAG,0BAAc,OAAO,MAAM,EAAE;IAC5C,OAAO,KAAK,GAAG,0BAAc,MAAM,MAAM,EAAE,EAE5C,iBAAiB,GAAG,CAAC,WAAmB,EAAsB,EAAE;IAC/D,MAAM,KAAK,GAAG,WAAW,CAAC,KAAK,CAAC,IAAI,CAAC,CAAC;IACtC,KAAK,MAAM,IAAI,IAAI,KAAK,EAAE,CAAC;QACzB,MAAM,OAAO,GAAG,IAAI,CAAC,IAAI,EAAE,CAAC;QAC5B,IAAI,OAAO,CAAC,MAAM,KAAK,CAAC,IAAI,OAAO,CAAC,UAAU,CAAC,GAAG,CAAC,EAAE,CAAC;YACpD,SAAS;QACX,CAAC;QACD,KAAK,MAAM,MAAM,IAAI,wBAAY,EAAE,CAAC;YAClC,IAAI,YAAY,CAAC,OAAO,EAAE,MAAM,CAAC,EAAE,CAAC;gBAClC,OAAO,MAAM,CAAC;YAChB,CAAC;QACH,CAAC;IACH,CAAC;IACD,OAAO,SAAS,CAAC;AACnB,CAAC,EAEA,WAAW,GAAG,CACb,QAAgB,EAChB,OAAuC,EAC7B,EAAE;IACZ,MAAM,MAAM,GAAG,OAAO,CAAC,GAAG,CAAC,QAAQ,CAAC,CAAC;IACrC,IAAI,MAAM,KAAK,SAAS,EAAE,CAAC;QACzB,OAAO,gBAAQ,CAAC,IAAI,CAAC;IACvB,CAAC;IACD,IAAI,MAAM,CAAC,KAAK,KAAK,SAAS,EAAE,CAAC;QAC/B,OAAO,gBAAQ,CAAC,KAAK,CAAC;IACxB,CAAC;IACD,OAAO,MAAM,CAAC,MAAM,CAAC,CAAC,CAAC,gBAAQ,CAAC,MAAM,CAAC,CAAC,CAAC,gBAAQ,CAAC,MAAM,CAAC;AAC3D,CAAC,CAAC;AAEK,MAAM,cAAc,GAAG,CAC5B,QAAgB,EAChB,WAAmB,EACnB,OAAuC,EAC7B,EAAE;IACZ,MAAM,MAAM,GAAG,QAAQ,CAAC,QAAQ,CAAC,yBAAa,CAAC;QAC7C,CAAC,CAAC,iBAAiB,CAAC,WAAW,CAAC;QAChC,CAAC,CAAC,SAAS,EACZ,IAAI,GAAG;QACN,KAAK,EAAE,IAAI,CAAC,QAAQ,CAAC,QAAQ,EAAE,IAAI,CAAC,OAAO,CAAC,QAAQ,CAAC,CAAC;QACtD,QAAQ;QACR,WAAW,EAAE,KAAc;QAC3B,YAAY,EAAE,eAAe,CAAC,QAAQ,CAAC;QACvC,QAAQ,EAAE,WAAW,CAAC,QAAQ,EAAE,OAAO,CAAC;KACzC,CAAC;IACF,IAAI,MAAM,KAAK,SAAS,EAAE,CAAC;QACzB,OAAO,EAAE,GAAG,IAAI,EAAE,UAAU,EAAE,MAAM,EAAE,CAAC;IACzC,CAAC;IACD,OAAO,IAAI,CAAC;AACd,CAAC,CAAC;AAnBW,QAAA,cAAc,kBAmBzB;AAEK,MAAM,gBAAgB,GAAG,CAC9B,UAAkB,EAClB,QAA6B,EACnB,EAAE,CAAC,CAAC;IACd,KAAK,EAAE,IAAI,CAAC,QAAQ,CAAC,UAAU,CAAC;IAChC,QAAQ,EAAE,UAAU;IACpB,WAAW,EAAE,IAAI;IACjB,YAAY,EAAE,0BAAc;IAC5B,QAAQ,EAAE,gBAAQ,CAAC,IAAI;IACvB,QAAQ;CACT,CAAC,CAAC;AAVU,QAAA,gBAAgB,oBAU1B;AAEH,MAAM,eAAe,GAAG,CAAC,OAAe,EAAW,EAAE,CACnD,OAAO,CAAC,UAAU,CAAC,GAAG,CAAC,IAAI,OAAO,CAAC,QAAQ,CAAC,GAAG,CAAC,CAAC;AAE5C,MAAM,sBAAsB,GAAG,CAAC,OAAe,EAAqB,EAAE;IAC3E,MAAM,KAAK,GAAG,OAAO,CAAC,KAAK,CAAC,IAAI,CAAC,CAAC;IAClC,IAAI,OAAO,GAAG,KAAK,CAAC;IACpB,MAAM,KAAK,GAAa,EAAE,CAAC;IAC3B,KAAK,MAAM,IAAI,IAAI,KAAK,EAAE,CAAC;QACzB,MAAM,OAAO,GAAG,IAAI,CAAC,IAAI,EAAE,CAAC;QAC5B,IAAI,eAAe,CAAC,OAAO,CAAC,EAAE,CAAC;YAC7B,OAAO,GAAG,OAAO,KAAK,yBAAa,CAAC;YACpC,SAAS;QACX,CAAC;QACD,IAAI,CAAC,OAAO,IAAI,OAAO,CAAC,MAAM,KAAK,CAAC,IAAI,OAAO,CAAC,UAAU,CAAC,GAAG,CAAC,EAAE,CAAC;YAChE,SAAS;QACX,CAAC;QACD,KAAK,CAAC,IAAI,CAAC,OAAO,CAAC,CAAC;IACtB,CAAC;IACD,OAAO,KAAK,CAAC;AACf,CAAC,CAAC;AAhBW,QAAA,sBAAsB,0BAgBjC;AAEK,MAAM,kBAAkB,GAAG,CAChC,QAAgB,EAChB,OAAuC,EACvC,YAAiC,EACvB,EAAE,CAAC,CAAC;IACd,KAAK,EAAE,IAAI,CAAC,QAAQ,CAAC,QAAQ,EAAE,IAAI,CAAC,OAAO,CAAC,QAAQ,CAAC,CAAC;IACtD,QAAQ;IACR,WAAW,EAAE,KAAK;IAClB,YAAY,EAAE,4BAAgB;IAC9B,QAAQ,EAAE,WAAW,CAAC,QAAQ,EAAE,OAAO,CAAC;IACxC,QAAQ,EAAE,YAAY;CACvB,CAAC,CAAC;AAXU,QAAA,kBAAkB,sBAW5B;AAEI,MAAM,yBAAyB,GAAG,CACvC,QAA6B,EACnB,EAAE,CAAC,CAAC;IACd,KAAK,EAAE,kCAAsB;IAC7B,QAAQ,EAAE,EAAE;IACZ,WAAW,EAAE,KAAK;IAClB,YAAY,EAAE,oCAAwB;IACtC,QAAQ,EAAE,gBAAQ,CAAC,IAAI;IACvB,QAAQ;CACT,CAAC,CAAC;AATU,QAAA,yBAAyB,6BASnC;AAEH,MAAM,oBAAoB,GAAG,CAC3B,KAAwB,EAC+B,EAAE;IACzD,IAAI,OAAO,GAAG,KAAK,CAAC;IACpB,KAAK,IAAI,CAAC,GAAG,CAAC,EAAE,CAAC,GAAG,KAAK,CAAC,MAAM,EAAE,CAAC,EAAE,EAAE,CAAC;QACtC,MAAM,IAAI,GAAG,KAAK,CAAC,CAAC,CAAC,CAAC;QACtB,IAAI,IAAI,KAAK,SAAS,EAAE,CAAC;YAAC,SAAS;QAAC,CAAC;QACrC,MAAM,OAAO,GAAG,IAAI,CAAC,IAAI,EAAE,CAAC;QAC5B,IAAI,OAAO,KAAK,yBAAa,EAAE,CAAC;YAC9B,OAAO,GAAG,IAAI,CAAC;YACf,SAAS;QACX,CAAC;QACD,IAAI,OAAO,IAAI,eAAe,CAAC,OAAO,CAAC,EAAE,CAAC;YACxC,OAAO,EAAE,OAAO,EAAE,IAAI,EAAE,KAAK,EAAE,CAAC,EAAE,CAAC;QACrC,CAAC;IACH,CAAC;IACD,OAAO,EAAE,OAAO,EAAE,KAAK,EAAE,KAAK,CAAC,MAAM,EAAE,CAAC;AAC1C,CAAC,CAAC;AAEK,MAAM,oBAAoB,GAAG,CAClC,OAAe,EACf,QAAgB,EACR,EAAE;IACV,MAAM,KAAK,GAAG,OAAO,CAAC,KAAK,CAAC,IAAI,CAAC,EAChC,MAAM,GAAG,oBAAoB,CAAC,KAAK,CAAC,CAAC;IACtC,IAAI,CAAC,MAAM,CAAC,OAAO,EAAE,CAAC;QACpB,OAAO,GAAG,OAAO,KAAK,yBAAa,KAAK,QAAQ,IAAI,CAAC;IACvD,CAAC;IACD,KAAK,CAAC,MAAM,CAAC,MAAM,CAAC,KAAK,EAAE,CAAC,EAAE,QAAQ,CAAC,CAAC;IACxC,OAAO,KAAK,CAAC,IAAI,CAAC,IAAI,CAAC,CAAC;AAC1B,CAAC,CAAC;AAXW,QAAA,oBAAoB,wBAW/B;AAEK,MAAM,kBAAkB,GAAG,CAChC,OAAe,EACf,OAAe,EACP,EAAE;IACV,MAAM,KAAK,GAAG,OAAO,CAAC,KAAK,CAAC,IAAI,CAAC,EAChC,OAAO,GAAG,KAAK,CAAC,GAAG,CAAC,CAAC,IAAI,EAAE,EAAE,CAC5B,IAAI,CAAC,IAAI,EAAE,CAAC,UAAU,CAAC,+BAAmB,CAAC;QACzC,CAAC,CAAC,GAAG,+BAAmB,GAAG,OAAO,GAAG,+BAAmB,EAAE;QAC1D,CAAC,CAAC,IAAI,CACT,CAAC;IACF,OAAO,OAAO,CAAC,IAAI,CAAC,IAAI,CAAC,CAAC;AAC5B,CAAC,CAAC;AAXW,QAAA,kBAAkB,sBAW7B"},"_coverageSchema":"1a1c01bbd47fc00a2c39e90264f33305004495a9","hash":"8af7e1a7c5db8f028d590d66ca6c1c25ac6d1bc9","contentHash":"f94fee9f598474e2d8194ce750c70679ab472aec45aff0882ad31c2c1a7d1703"},"/Users/christianfindlay/Documents/Code/ApiTesting/src/Nap.VsCode/out/constants.js":{"path":"/Users/christianfindlay/Documents/Code/ApiTesting/src/Nap.VsCode/out/constants.js","statementMap":{"0":{"start":{"line":3,"column":0},"end":{"line":3,"column":62}},"1":{"start":{"line":4,"column":0},"end":{"line":4,"column":1307}},"2":{"start":{"line":5,"column":0},"end":{"line":5,"column":1472}},"3":{"start":{"line":6,"column":0},"end":{"line":6,"column":1428}},"4":{"start":{"line":7,"column":0},"end":{"line":7,"column":1488}},"5":{"start":{"line":8,"column":0},"end":{"line":8,"column":1673}},"6":{"start":{"line":9,"column":0},"end":{"line":9,"column":614}},"7":{"start":{"line":11,"column":0},"end":{"line":11,"column":31}},"8":{"start":{"line":12,"column":0},"end":{"line":12,"column":39}},"9":{"start":{"line":13,"column":0},"end":{"line":13,"column":37}},"10":{"start":{"line":14,"column":0},"end":{"line":14,"column":39}},"11":{"start":{"line":15,"column":0},"end":{"line":15,"column":31}},"12":{"start":{"line":16,"column":0},"end":{"line":16,"column":31}},"13":{"start":{"line":18,"column":0},"end":{"line":18,"column":30}},"14":{"start":{"line":19,"column":0},"end":{"line":19,"column":38}},"15":{"start":{"line":20,"column":0},"end":{"line":20,"column":36}},"16":{"start":{"line":22,"column":0},"end":{"line":22,"column":41}},"17":{"start":{"line":24,"column":0},"end":{"line":24,"column":40}},"18":{"start":{"line":25,"column":0},"end":{"line":25,"column":38}},"19":{"start":{"line":26,"column":0},"end":{"line":26,"column":46}},"20":{"start":{"line":27,"column":0},"end":{"line":27,"column":48}},"21":{"start":{"line":28,"column":0},"end":{"line":28,"column":52}},"22":{"start":{"line":29,"column":0},"end":{"line":29,"column":44}},"23":{"start":{"line":30,"column":0},"end":{"line":30,"column":50}},"24":{"start":{"line":31,"column":0},"end":{"line":31,"column":54}},"25":{"start":{"line":33,"column":0},"end":{"line":33,"column":34}},"26":{"start":{"line":34,"column":0},"end":{"line":34,"column":50}},"27":{"start":{"line":35,"column":0},"end":{"line":35,"column":42}},"28":{"start":{"line":36,"column":0},"end":{"line":36,"column":50}},"29":{"start":{"line":37,"column":0},"end":{"line":37,"column":53}},"30":{"start":{"line":38,"column":0},"end":{"line":38,"column":36}},"31":{"start":{"line":40,"column":0},"end":{"line":40,"column":36}},"32":{"start":{"line":41,"column":0},"end":{"line":41,"column":33}},"33":{"start":{"line":42,"column":0},"end":{"line":42,"column":37}},"34":{"start":{"line":43,"column":0},"end":{"line":43,"column":28}},"35":{"start":{"line":44,"column":0},"end":{"line":44,"column":32}},"36":{"start":{"line":45,"column":0},"end":{"line":45,"column":38}},"37":{"start":{"line":46,"column":0},"end":{"line":46,"column":39}},"38":{"start":{"line":47,"column":0},"end":{"line":47,"column":37}},"39":{"start":{"line":48,"column":0},"end":{"line":48,"column":31}},"40":{"start":{"line":49,"column":0},"end":{"line":49,"column":31}},"41":{"start":{"line":50,"column":0},"end":{"line":50,"column":45}},"42":{"start":{"line":52,"column":0},"end":{"line":52,"column":45}},"43":{"start":{"line":53,"column":0},"end":{"line":53,"column":38}},"44":{"start":{"line":54,"column":0},"end":{"line":54,"column":34}},"45":{"start":{"line":55,"column":0},"end":{"line":55,"column":53}},"46":{"start":{"line":56,"column":0},"end":{"line":56,"column":43}},"47":{"start":{"line":58,"column":0},"end":{"line":58,"column":45}},"48":{"start":{"line":60,"column":0},"end":{"line":60,"column":44}},"49":{"start":{"line":61,"column":0},"end":{"line":61,"column":44}},"50":{"start":{"line":62,"column":0},"end":{"line":62,"column":37}},"51":{"start":{"line":63,"column":0},"end":{"line":63,"column":38}},"52":{"start":{"line":64,"column":0},"end":{"line":64,"column":29}},"53":{"start":{"line":65,"column":0},"end":{"line":65,"column":30}},"54":{"start":{"line":66,"column":0},"end":{"line":66,"column":31}},"55":{"start":{"line":67,"column":0},"end":{"line":67,"column":47}},"56":{"start":{"line":69,"column":0},"end":{"line":69,"column":32}},"57":{"start":{"line":70,"column":0},"end":{"line":70,"column":32}},"58":{"start":{"line":71,"column":0},"end":{"line":71,"column":26}},"59":{"start":{"line":73,"column":0},"end":{"line":73,"column":38}},"60":{"start":{"line":74,"column":0},"end":{"line":74,"column":32}},"61":{"start":{"line":75,"column":0},"end":{"line":75,"column":34}},"62":{"start":{"line":77,"column":0},"end":{"line":77,"column":39}},"63":{"start":{"line":78,"column":0},"end":{"line":78,"column":45}},"64":{"start":{"line":79,"column":0},"end":{"line":79,"column":34}},"65":{"start":{"line":81,"column":0},"end":{"line":81,"column":50}},"66":{"start":{"line":82,"column":0},"end":{"line":82,"column":50}},"67":{"start":{"line":83,"column":0},"end":{"line":83,"column":61}},"68":{"start":{"line":85,"column":0},"end":{"line":85,"column":49}},"69":{"start":{"line":86,"column":0},"end":{"line":86,"column":52}},"70":{"start":{"line":87,"column":0},"end":{"line":87,"column":58}},"71":{"start":{"line":88,"column":0},"end":{"line":88,"column":60}},"72":{"start":{"line":89,"column":0},"end":{"line":89,"column":36}},"73":{"start":{"line":90,"column":0},"end":{"line":90,"column":48}},"74":{"start":{"line":91,"column":0},"end":{"line":91,"column":40}},"75":{"start":{"line":92,"column":0},"end":{"line":92,"column":38}},"76":{"start":{"line":93,"column":0},"end":{"line":93,"column":42}},"77":{"start":{"line":94,"column":0},"end":{"line":94,"column":44}},"78":{"start":{"line":95,"column":0},"end":{"line":95,"column":50}},"79":{"start":{"line":96,"column":0},"end":{"line":96,"column":52}},"80":{"start":{"line":98,"column":0},"end":{"line":98,"column":49}},"81":{"start":{"line":99,"column":0},"end":{"line":99,"column":52}},"82":{"start":{"line":101,"column":0},"end":{"line":101,"column":37}},"83":{"start":{"line":102,"column":0},"end":{"line":102,"column":41}},"84":{"start":{"line":103,"column":0},"end":{"line":103,"column":35}},"85":{"start":{"line":104,"column":0},"end":{"line":104,"column":39}},"86":{"start":{"line":106,"column":0},"end":{"line":106,"column":40}},"87":{"start":{"line":107,"column":0},"end":{"line":107,"column":39}},"88":{"start":{"line":108,"column":0},"end":{"line":108,"column":44}},"89":{"start":{"line":110,"column":0},"end":{"line":110,"column":56}},"90":{"start":{"line":111,"column":0},"end":{"line":111,"column":63}},"91":{"start":{"line":112,"column":0},"end":{"line":112,"column":48}},"92":{"start":{"line":114,"column":0},"end":{"line":114,"column":57}},"93":{"start":{"line":115,"column":0},"end":{"line":115,"column":38}},"94":{"start":{"line":117,"column":0},"end":{"line":117,"column":37}},"95":{"start":{"line":119,"column":0},"end":{"line":119,"column":41}},"96":{"start":{"line":121,"column":0},"end":{"line":121,"column":42}},"97":{"start":{"line":122,"column":0},"end":{"line":122,"column":35}},"98":{"start":{"line":124,"column":0},"end":{"line":124,"column":36}},"99":{"start":{"line":126,"column":0},"end":{"line":126,"column":46}},"100":{"start":{"line":127,"column":0},"end":{"line":127,"column":33}},"101":{"start":{"line":128,"column":0},"end":{"line":128,"column":35}},"102":{"start":{"line":129,"column":0},"end":{"line":129,"column":28}},"103":{"start":{"line":130,"column":0},"end":{"line":130,"column":41}},"104":{"start":{"line":131,"column":0},"end":{"line":131,"column":39}},"105":{"start":{"line":132,"column":0},"end":{"line":132,"column":116}},"106":{"start":{"line":133,"column":0},"end":{"line":133,"column":37}},"107":{"start":{"line":134,"column":0},"end":{"line":134,"column":36}},"108":{"start":{"line":135,"column":0},"end":{"line":135,"column":30}},"109":{"start":{"line":136,"column":0},"end":{"line":136,"column":39}},"110":{"start":{"line":137,"column":0},"end":{"line":137,"column":37}},"111":{"start":{"line":138,"column":0},"end":{"line":138,"column":37}},"112":{"start":{"line":139,"column":0},"end":{"line":139,"column":33}},"113":{"start":{"line":140,"column":0},"end":{"line":140,"column":29}},"114":{"start":{"line":141,"column":0},"end":{"line":141,"column":40}},"115":{"start":{"line":142,"column":0},"end":{"line":142,"column":36}},"116":{"start":{"line":143,"column":0},"end":{"line":143,"column":40}},"117":{"start":{"line":144,"column":0},"end":{"line":144,"column":36}},"118":{"start":{"line":145,"column":0},"end":{"line":145,"column":53}},"119":{"start":{"line":146,"column":0},"end":{"line":146,"column":71}},"120":{"start":{"line":147,"column":0},"end":{"line":147,"column":66}},"121":{"start":{"line":148,"column":0},"end":{"line":148,"column":64}},"122":{"start":{"line":149,"column":0},"end":{"line":149,"column":61}},"123":{"start":{"line":150,"column":0},"end":{"line":150,"column":64}},"124":{"start":{"line":151,"column":0},"end":{"line":151,"column":54}},"125":{"start":{"line":152,"column":0},"end":{"line":152,"column":41}},"126":{"start":{"line":153,"column":0},"end":{"line":153,"column":39}},"127":{"start":{"line":154,"column":0},"end":{"line":154,"column":41}},"128":{"start":{"line":155,"column":0},"end":{"line":155,"column":66}},"129":{"start":{"line":156,"column":0},"end":{"line":156,"column":74}},"130":{"start":{"line":158,"column":0},"end":{"line":158,"column":40}},"131":{"start":{"line":160,"column":0},"end":{"line":160,"column":33}},"132":{"start":{"line":161,"column":0},"end":{"line":161,"column":31}},"133":{"start":{"line":163,"column":0},"end":{"line":163,"column":32}},"134":{"start":{"line":165,"column":0},"end":{"line":165,"column":25}},"135":{"start":{"line":166,"column":0},"end":{"line":166,"column":33}},"136":{"start":{"line":168,"column":0},"end":{"line":168,"column":67}},"137":{"start":{"line":169,"column":0},"end":{"line":169,"column":43}},"138":{"start":{"line":170,"column":0},"end":{"line":170,"column":70}},"139":{"start":{"line":172,"column":0},"end":{"line":172,"column":52}},"140":{"start":{"line":173,"column":0},"end":{"line":173,"column":47}},"141":{"start":{"line":174,"column":0},"end":{"line":174,"column":50}},"142":{"start":{"line":175,"column":0},"end":{"line":175,"column":47}},"143":{"start":{"line":176,"column":0},"end":{"line":176,"column":56}},"144":{"start":{"line":178,"column":0},"end":{"line":178,"column":61}},"145":{"start":{"line":179,"column":0},"end":{"line":179,"column":47}},"146":{"start":{"line":180,"column":0},"end":{"line":180,"column":31}},"147":{"start":{"line":182,"column":0},"end":{"line":182,"column":34}},"148":{"start":{"line":183,"column":0},"end":{"line":183,"column":28}},"149":{"start":{"line":185,"column":0},"end":{"line":193,"column":2}},"150":{"start":{"line":195,"column":0},"end":{"line":195,"column":45}},"151":{"start":{"line":196,"column":0},"end":{"line":196,"column":49}},"152":{"start":{"line":197,"column":0},"end":{"line":197,"column":52}},"153":{"start":{"line":198,"column":0},"end":{"line":198,"column":42}},"154":{"start":{"line":200,"column":0},"end":{"line":200,"column":54}},"155":{"start":{"line":201,"column":0},"end":{"line":201,"column":48}},"156":{"start":{"line":202,"column":0},"end":{"line":202,"column":36}},"157":{"start":{"line":203,"column":0},"end":{"line":203,"column":32}},"158":{"start":{"line":205,"column":0},"end":{"line":205,"column":33}},"159":{"start":{"line":206,"column":0},"end":{"line":206,"column":45}},"160":{"start":{"line":207,"column":0},"end":{"line":207,"column":33}},"161":{"start":{"line":208,"column":0},"end":{"line":208,"column":47}},"162":{"start":{"line":209,"column":0},"end":{"line":209,"column":43}},"163":{"start":{"line":210,"column":0},"end":{"line":210,"column":46}},"164":{"start":{"line":211,"column":0},"end":{"line":211,"column":37}},"165":{"start":{"line":212,"column":0},"end":{"line":212,"column":30}},"166":{"start":{"line":213,"column":0},"end":{"line":213,"column":44}},"167":{"start":{"line":214,"column":0},"end":{"line":214,"column":40}},"168":{"start":{"line":215,"column":0},"end":{"line":215,"column":32}},"169":{"start":{"line":216,"column":0},"end":{"line":216,"column":37}},"170":{"start":{"line":217,"column":0},"end":{"line":217,"column":33}},"171":{"start":{"line":218,"column":0},"end":{"line":218,"column":40}},"172":{"start":{"line":220,"column":0},"end":{"line":220,"column":59}},"173":{"start":{"line":221,"column":0},"end":{"line":221,"column":61}},"174":{"start":{"line":222,"column":0},"end":{"line":222,"column":64}},"175":{"start":{"line":223,"column":0},"end":{"line":223,"column":53}},"176":{"start":{"line":224,"column":0},"end":{"line":224,"column":46}},"177":{"start":{"line":225,"column":0},"end":{"line":225,"column":65}},"178":{"start":{"line":226,"column":0},"end":{"line":226,"column":60}},"179":{"start":{"line":227,"column":0},"end":{"line":227,"column":46}},"180":{"start":{"line":228,"column":0},"end":{"line":228,"column":58}},"181":{"start":{"line":229,"column":0},"end":{"line":229,"column":63}},"182":{"start":{"line":230,"column":0},"end":{"line":230,"column":85}},"183":{"start":{"line":231,"column":0},"end":{"line":231,"column":69}},"184":{"start":{"line":232,"column":0},"end":{"line":232,"column":60}},"185":{"start":{"line":233,"column":0},"end":{"line":233,"column":55}},"186":{"start":{"line":235,"column":0},"end":{"line":235,"column":78}},"187":{"start":{"line":236,"column":0},"end":{"line":236,"column":69}},"188":{"start":{"line":237,"column":0},"end":{"line":237,"column":53}},"189":{"start":{"line":239,"column":0},"end":{"line":239,"column":31}},"190":{"start":{"line":240,"column":0},"end":{"line":240,"column":53}},"191":{"start":{"line":241,"column":0},"end":{"line":241,"column":44}},"192":{"start":{"line":242,"column":0},"end":{"line":242,"column":31}},"193":{"start":{"line":243,"column":0},"end":{"line":243,"column":33}},"194":{"start":{"line":244,"column":0},"end":{"line":244,"column":31}},"195":{"start":{"line":245,"column":0},"end":{"line":245,"column":55}},"196":{"start":{"line":246,"column":0},"end":{"line":246,"column":53}},"197":{"start":{"line":247,"column":0},"end":{"line":247,"column":36}},"198":{"start":{"line":248,"column":0},"end":{"line":248,"column":42}},"199":{"start":{"line":249,"column":0},"end":{"line":249,"column":40}},"200":{"start":{"line":250,"column":0},"end":{"line":250,"column":41}},"201":{"start":{"line":251,"column":0},"end":{"line":251,"column":44}},"202":{"start":{"line":252,"column":0},"end":{"line":252,"column":42}},"203":{"start":{"line":254,"column":0},"end":{"line":262,"column":2}},"204":{"start":{"line":264,"column":0},"end":{"line":264,"column":38}},"205":{"start":{"line":265,"column":0},"end":{"line":265,"column":38}},"206":{"start":{"line":266,"column":0},"end":{"line":266,"column":40}},"207":{"start":{"line":267,"column":0},"end":{"line":267,"column":40}},"208":{"start":{"line":268,"column":0},"end":{"line":268,"column":36}},"209":{"start":{"line":269,"column":0},"end":{"line":269,"column":38}},"210":{"start":{"line":270,"column":0},"end":{"line":270,"column":42}},"211":{"start":{"line":272,"column":0},"end":{"line":272,"column":36}},"212":{"start":{"line":273,"column":0},"end":{"line":273,"column":33}},"213":{"start":{"line":274,"column":0},"end":{"line":274,"column":33}},"214":{"start":{"line":275,"column":0},"end":{"line":275,"column":35}},"215":{"start":{"line":276,"column":0},"end":{"line":276,"column":35}},"216":{"start":{"line":277,"column":0},"end":{"line":277,"column":50}},"217":{"start":{"line":278,"column":0},"end":{"line":278,"column":54}},"218":{"start":{"line":279,"column":0},"end":{"line":279,"column":43}},"219":{"start":{"line":280,"column":0},"end":{"line":280,"column":51}},"220":{"start":{"line":281,"column":0},"end":{"line":281,"column":59}},"221":{"start":{"line":282,"column":0},"end":{"line":282,"column":53}},"222":{"start":{"line":283,"column":0},"end":{"line":283,"column":49}},"223":{"start":{"line":284,"column":0},"end":{"line":284,"column":49}},"224":{"start":{"line":285,"column":0},"end":{"line":285,"column":55}},"225":{"start":{"line":286,"column":0},"end":{"line":286,"column":51}},"226":{"start":{"line":287,"column":0},"end":{"line":287,"column":57}},"227":{"start":{"line":288,"column":0},"end":{"line":288,"column":92}},"228":{"start":{"line":289,"column":0},"end":{"line":289,"column":75}},"229":{"start":{"line":290,"column":0},"end":{"line":290,"column":62}},"230":{"start":{"line":291,"column":0},"end":{"line":291,"column":57}},"231":{"start":{"line":292,"column":0},"end":{"line":292,"column":86}},"232":{"start":{"line":293,"column":0},"end":{"line":293,"column":89}},"233":{"start":{"line":294,"column":0},"end":{"line":294,"column":68}},"234":{"start":{"line":295,"column":0},"end":{"line":295,"column":69}},"235":{"start":{"line":297,"column":0},"end":{"line":297,"column":67}},"236":{"start":{"line":298,"column":0},"end":{"line":298,"column":51}},"237":{"start":{"line":299,"column":0},"end":{"line":299,"column":68}},"238":{"start":{"line":300,"column":0},"end":{"line":300,"column":59}},"239":{"start":{"line":301,"column":0},"end":{"line":301,"column":82}},"240":{"start":{"line":302,"column":0},"end":{"line":302,"column":53}},"241":{"start":{"line":303,"column":0},"end":{"line":303,"column":65}},"242":{"start":{"line":304,"column":0},"end":{"line":304,"column":63}},"243":{"start":{"line":305,"column":0},"end":{"line":305,"column":63}},"244":{"start":{"line":307,"column":0},"end":{"line":307,"column":53}},"245":{"start":{"line":308,"column":0},"end":{"line":308,"column":49}},"246":{"start":{"line":309,"column":0},"end":{"line":309,"column":46}},"247":{"start":{"line":310,"column":0},"end":{"line":310,"column":60}},"248":{"start":{"line":311,"column":0},"end":{"line":311,"column":66}},"249":{"start":{"line":312,"column":0},"end":{"line":312,"column":60}},"250":{"start":{"line":313,"column":0},"end":{"line":313,"column":42}},"251":{"start":{"line":314,"column":0},"end":{"line":314,"column":46}},"252":{"start":{"line":316,"column":0},"end":{"line":316,"column":75}},"253":{"start":{"line":317,"column":0},"end":{"line":317,"column":61}},"254":{"start":{"line":318,"column":0},"end":{"line":318,"column":66}},"255":{"start":{"line":319,"column":0},"end":{"line":319,"column":76}},"256":{"start":{"line":320,"column":0},"end":{"line":320,"column":45}},"257":{"start":{"line":321,"column":0},"end":{"line":321,"column":73}},"258":{"start":{"line":322,"column":0},"end":{"line":322,"column":28}},"259":{"start":{"line":323,"column":0},"end":{"line":323,"column":26}},"260":{"start":{"line":325,"column":0},"end":{"line":325,"column":54}},"261":{"start":{"line":326,"column":0},"end":{"line":326,"column":39}},"262":{"start":{"line":327,"column":0},"end":{"line":327,"column":58}},"263":{"start":{"line":328,"column":0},"end":{"line":328,"column":53}},"264":{"start":{"line":329,"column":0},"end":{"line":329,"column":68}},"265":{"start":{"line":330,"column":0},"end":{"line":330,"column":66}},"266":{"start":{"line":331,"column":0},"end":{"line":331,"column":62}},"267":{"start":{"line":332,"column":0},"end":{"line":332,"column":67}},"268":{"start":{"line":334,"column":0},"end":{"line":334,"column":39}},"269":{"start":{"line":336,"column":0},"end":{"line":336,"column":35}},"270":{"start":{"line":338,"column":0},"end":{"line":338,"column":36}},"271":{"start":{"line":339,"column":0},"end":{"line":339,"column":29}},"272":{"start":{"line":340,"column":0},"end":{"line":340,"column":39}},"273":{"start":{"line":341,"column":0},"end":{"line":341,"column":43}},"274":{"start":{"line":342,"column":0},"end":{"line":342,"column":29}},"275":{"start":{"line":343,"column":0},"end":{"line":343,"column":31}},"276":{"start":{"line":344,"column":0},"end":{"line":344,"column":29}},"277":{"start":{"line":345,"column":0},"end":{"line":345,"column":34}}},"fnMap":{},"branchMap":{},"s":{"0":1,"1":1,"2":1,"3":1,"4":1,"5":1,"6":1,"7":1,"8":1,"9":1,"10":1,"11":1,"12":1,"13":1,"14":1,"15":1,"16":1,"17":1,"18":1,"19":1,"20":1,"21":1,"22":1,"23":1,"24":1,"25":1,"26":1,"27":1,"28":1,"29":1,"30":1,"31":1,"32":1,"33":1,"34":1,"35":1,"36":1,"37":1,"38":1,"39":1,"40":1,"41":1,"42":1,"43":1,"44":1,"45":1,"46":1,"47":1,"48":1,"49":1,"50":1,"51":1,"52":1,"53":1,"54":1,"55":1,"56":1,"57":1,"58":1,"59":1,"60":1,"61":1,"62":1,"63":1,"64":1,"65":1,"66":1,"67":1,"68":1,"69":1,"70":1,"71":1,"72":1,"73":1,"74":1,"75":1,"76":1,"77":1,"78":1,"79":1,"80":1,"81":1,"82":1,"83":1,"84":1,"85":1,"86":1,"87":1,"88":1,"89":1,"90":1,"91":1,"92":1,"93":1,"94":1,"95":1,"96":1,"97":1,"98":1,"99":1,"100":1,"101":1,"102":1,"103":1,"104":1,"105":1,"106":1,"107":1,"108":1,"109":1,"110":1,"111":1,"112":1,"113":1,"114":1,"115":1,"116":1,"117":1,"118":1,"119":1,"120":1,"121":1,"122":1,"123":1,"124":1,"125":1,"126":1,"127":1,"128":1,"129":1,"130":1,"131":1,"132":1,"133":1,"134":1,"135":1,"136":1,"137":1,"138":1,"139":1,"140":1,"141":1,"142":1,"143":1,"144":1,"145":1,"146":1,"147":1,"148":1,"149":1,"150":1,"151":1,"152":1,"153":1,"154":1,"155":1,"156":1,"157":1,"158":1,"159":1,"160":1,"161":1,"162":1,"163":1,"164":1,"165":1,"166":1,"167":1,"168":1,"169":1,"170":1,"171":1,"172":1,"173":1,"174":1,"175":1,"176":1,"177":1,"178":1,"179":1,"180":1,"181":1,"182":1,"183":1,"184":1,"185":1,"186":1,"187":1,"188":1,"189":1,"190":1,"191":1,"192":1,"193":1,"194":1,"195":1,"196":1,"197":1,"198":1,"199":1,"200":1,"201":1,"202":1,"203":1,"204":1,"205":1,"206":1,"207":1,"208":1,"209":1,"210":1,"211":1,"212":1,"213":1,"214":1,"215":1,"216":1,"217":1,"218":1,"219":1,"220":1,"221":1,"222":1,"223":1,"224":1,"225":1,"226":1,"227":1,"228":1,"229":1,"230":1,"231":1,"232":1,"233":1,"234":1,"235":1,"236":1,"237":1,"238":1,"239":1,"240":1,"241":1,"242":1,"243":1,"244":1,"245":1,"246":1,"247":1,"248":1,"249":1,"250":1,"251":1,"252":1,"253":1,"254":1,"255":1,"256":1,"257":1,"258":1,"259":1,"260":1,"261":1,"262":1,"263":1,"264":1,"265":1,"266":1,"267":1,"268":1,"269":1,"270":1,"271":1,"272":1,"273":1,"274":1,"275":1,"276":1,"277":1},"f":{},"b":{},"inputSourceMap":{"version":3,"file":"constants.js","sourceRoot":"","sources":["../src/constants.ts"],"names":[],"mappings":";AAAA,+DAA+D;;;;;;;;AAE/D,kBAAkB;AACL,QAAA,aAAa,GAAG,MAAM,CAAC;AACvB,QAAA,iBAAiB,GAAG,UAAU,CAAC;AAC/B,QAAA,gBAAgB,GAAG,SAAS,CAAC;AAC7B,QAAA,mBAAmB,GAAG,QAAQ,CAAC;AAC/B,QAAA,aAAa,GAAG,MAAM,CAAC;AACvB,QAAA,aAAa,GAAG,MAAM,CAAC;AAEpC,gBAAgB;AACH,QAAA,QAAQ,GAAG,UAAU,CAAC;AACtB,QAAA,YAAY,GAAG,cAAc,CAAC;AAC9B,QAAA,WAAW,GAAG,aAAa,CAAC;AAEzC,WAAW;AACE,QAAA,aAAa,GAAG,gBAAgB,CAAC;AAE9C,cAAc;AACD,QAAA,YAAY,GAAG,gBAAgB,CAAC;AAChC,QAAA,WAAW,GAAG,eAAe,CAAC;AAC9B,QAAA,eAAe,GAAG,mBAAmB,CAAC;AACtC,QAAA,gBAAgB,GAAG,oBAAoB,CAAC;AACxC,QAAA,cAAc,GAAG,0BAA0B,CAAC;AAC5C,QAAA,aAAa,GAAG,mBAAmB,CAAC;AACpC,QAAA,iBAAiB,GAAG,qBAAqB,CAAC;AAC1C,QAAA,eAAe,GAAG,2BAA2B,CAAC;AAE3D,cAAc;AACD,QAAA,cAAc,GAAG,QAAQ,CAAC;AAC1B,QAAA,kBAAkB,GAAG,oBAAoB,CAAC;AAC1C,QAAA,eAAe,GAAG,eAAe,CAAC;AAClC,QAAA,mBAAmB,GAAG,mBAAmB,CAAC;AAC1C,QAAA,mBAAmB,GAAG,sBAAsB,CAAC;AAC7C,QAAA,eAAe,GAAG,SAAS,CAAC;AAEzC,eAAe;AACF,QAAA,gBAAgB,GAAG,QAAQ,CAAC;AAC5B,QAAA,eAAe,GAAG,MAAM,CAAC;AACzB,QAAA,iBAAiB,GAAG,QAAQ,CAAC;AAC7B,QAAA,WAAW,GAAG,KAAK,CAAC;AACpB,QAAA,aAAa,GAAG,OAAO,CAAC;AACxB,QAAA,gBAAgB,GAAG,UAAU,CAAC;AAC9B,QAAA,kBAAkB,GAAG,SAAS,CAAC;AAC/B,QAAA,eAAe,GAAG,UAAU,CAAC;AAC7B,QAAA,YAAY,GAAG,OAAO,CAAC;AACvB,QAAA,YAAY,GAAG,OAAO,CAAC;AACvB,QAAA,mBAAmB,GAAG,cAAc,CAAC;AAElD,gCAAgC;AACnB,QAAA,oBAAoB,GAAG,aAAa,CAAC;AACrC,QAAA,gBAAgB,GAAG,UAAU,CAAC;AAC9B,QAAA,cAAc,GAAG,QAAQ,CAAC;AAC1B,QAAA,wBAAwB,GAAG,iBAAiB,CAAC;AAC7C,QAAA,mBAAmB,GAAG,YAAY,CAAC;AAEhD,SAAS;AACI,QAAA,sBAAsB,GAAG,WAAW,CAAC;AAElD,QAAQ;AACK,QAAA,qBAAqB,GAAG,WAAW,CAAC;AACpC,QAAA,kBAAkB,GAAG,cAAc,CAAC;AACpC,QAAA,SAAS,GAAG,gBAAgB,CAAC;AAC7B,QAAA,YAAY,GAAG,cAAc,CAAC;AAC9B,QAAA,WAAW,GAAG,MAAM,CAAC;AACrB,QAAA,WAAW,GAAG,OAAO,CAAC;AACtB,QAAA,UAAU,GAAG,SAAS,CAAC;AACvB,QAAA,mBAAmB,GAAG,gBAAgB,CAAC;AAEpD,uDAAuD;AAC1C,QAAA,YAAY,GAAG,QAAQ,CAAC;AACxB,QAAA,YAAY,GAAG,QAAQ,CAAC;AACxB,QAAA,WAAW,GAAG,GAAG,CAAC;AAE/B,gCAAgC;AACnB,QAAA,eAAe,GAAG,WAAW,CAAC;AAC9B,QAAA,YAAY,GAAG,QAAQ,CAAC;AACxB,QAAA,aAAa,GAAG,SAAS,CAAC;AAEvC,aAAa;AACA,QAAA,iBAAiB,GAAG,UAAU,CAAC;AAC/B,QAAA,iBAAiB,GAAG,gBAAgB,CAAC;AACrC,QAAA,mBAAmB,GAAG,GAAG,CAAC;AAEvC,mCAAmC;AACtB,QAAA,kBAAkB,GAAG,oBAAoB,CAAC;AAC1C,QAAA,kBAAkB,GAAG,oBAAoB,CAAC;AAC1C,QAAA,iBAAiB,GAAG,gCAAgC,CAAC;AAElE,iBAAiB;AACJ,QAAA,oBAAoB,GAAG,iBAAiB,CAAC;AACzC,QAAA,wBAAwB,GAAG,gBAAgB,CAAC;AAC5C,QAAA,6BAA6B,GAAG,iBAAiB,CAAC;AAClD,QAAA,8BAA8B,GAAG,kBAAkB,CAAC;AACpD,QAAA,kBAAkB,GAAG,MAAM,CAAC;AAC5B,QAAA,wBAAwB,GAAG,YAAY,CAAC;AACxC,QAAA,oBAAoB,GAAG,QAAQ,CAAC;AAChC,QAAA,mBAAmB,GAAG,OAAO,CAAC;AAC9B,QAAA,qBAAqB,GAAG,SAAS,CAAC;AAClC,QAAA,sBAAsB,GAAG,UAAU,CAAC;AACpC,QAAA,kBAAkB,GAAG,oBAAoB,CAAC;AAC1C,QAAA,0BAA0B,GAAG,cAAc,CAAC;AAEzD,iBAAiB;AACJ,QAAA,oBAAoB,GAAG,iBAAiB,CAAC;AACzC,QAAA,wBAAwB,GAAG,gBAAgB,CAAC;AAEzD,wBAAwB;AACX,QAAA,cAAc,GAAG,WAAW,CAAC;AAC7B,QAAA,gBAAgB,GAAG,aAAa,CAAC;AACjC,QAAA,aAAa,GAAG,UAAU,CAAC;AAC3B,QAAA,eAAe,GAAG,YAAY,CAAC;AAE5C,SAAS;AACI,QAAA,qBAAqB,GAAG,OAAO,CAAC;AAChC,QAAA,kBAAkB,GAAG,SAAS,CAAC;AAC/B,QAAA,gBAAgB,GAAG,gBAAgB,CAAC;AAEjD,qBAAqB;AACR,QAAA,uBAAuB,GAAG,qBAAqB,CAAC;AAChD,QAAA,uBAAuB,GAAG,4BAA4B,CAAC;AACvD,QAAA,gBAAgB,GAAG,oBAAoB,CAAC;AAErD,qBAAqB;AACR,QAAA,mBAAmB,GAAG,0BAA0B,CAAC;AACjD,QAAA,qBAAqB,GAAG,KAAK,CAAC;AAE3C,OAAO;AACM,QAAA,eAAe,GAAG,UAAU,CAAC;AAE1C,gBAAgB;AACH,QAAA,mBAAmB,GAAG,UAAU,CAAC;AAE9C,8BAA8B;AACjB,QAAA,mBAAmB,GAAG,WAAW,CAAC;AAClC,QAAA,mBAAmB,GAAG,IAAI,CAAC;AAExC,gBAAgB;AACH,QAAA,cAAc,GAAG,UAAU,CAAC;AAEzC,gBAAgB;AACH,QAAA,cAAc,GAAG,oBAAoB,CAAC;AACtC,QAAA,aAAa,GAAG,QAAQ,CAAC;AACzB,QAAA,eAAe,GAAG,QAAQ,CAAC;AAC3B,QAAA,WAAW,GAAG,KAAK,CAAC;AACpB,QAAA,iBAAiB,GAAG,YAAY,CAAC;AACjC,QAAA,oBAAoB,GAAG,OAAO,CAAC;AAC/B,QAAA,wBAAwB,GAAG,iDAAiD,4BAAoB,GAAG,CAAC;AACpG,QAAA,gBAAgB,GAAG,SAAS,CAAC;AAC7B,QAAA,kBAAkB,GAAG,MAAM,CAAC;AAC5B,QAAA,iBAAiB,GAAG,CAAC,CAAC;AACtB,QAAA,mBAAmB,GAAG,QAAQ,CAAC;AAC/B,QAAA,kBAAkB,GAAG,OAAO,CAAC;AAC7B,QAAA,kBAAkB,GAAG,OAAO,CAAC;AAC7B,QAAA,cAAc,GAAG,OAAO,CAAC;AACzB,QAAA,YAAY,GAAG,KAAK,CAAC;AACrB,QAAA,iBAAiB,GAAG,WAAW,CAAC;AAChC,QAAA,eAAe,GAAG,SAAS,CAAC;AAC5B,QAAA,iBAAiB,GAAG,WAAW,CAAC;AAChC,QAAA,eAAe,GAAG,SAAS,CAAC;AAC5B,QAAA,eAAe,GAAG,0BAA0B,CAAC;AAC7C,QAAA,wBAAwB,GAAG,mCAAmC,CAAC;AAC/D,QAAA,sBAAsB,GAAG,gCAAgC,CAAC;AAC1D,QAAA,4BAA4B,GAAG,wBAAwB,CAAC;AACxD,QAAA,yBAAyB,GAAG,wBAAwB,CAAC;AACrD,QAAA,kBAAkB,GAAG,kCAAkC,CAAC;AACxD,QAAA,sBAAsB,GAAG,oBAAoB,CAAC;AAC9C,QAAA,wBAAwB,GAAG,KAAK,CAAC;AACjC,QAAA,gBAAgB,GAAG,WAAW,CAAC;AAC/B,QAAA,yBAAyB,GAAG,IAAI,CAAC;AACjC,QAAA,uBAAuB,GAAG,+BAA+B,CAAC;AAC1D,QAAA,wBAAwB,GAAG,sCAAsC,CAAC;AAE/E,2BAA2B;AACd,QAAA,eAAe,GAAG,aAAa,CAAC;AAE7C,iBAAiB;AACJ,QAAA,aAAa,GAAG,QAAQ,CAAC;AACzB,QAAA,YAAY,GAAG,OAAO,CAAC;AAEpC,WAAW;AACE,QAAA,aAAa,GAAG,OAAO,CAAC;AAErC,eAAe;AACF,QAAA,QAAQ,GAAG,KAAK,CAAC;AACjB,QAAA,YAAY,GAAG,SAAS,CAAC;AAEtC,cAAc;AACD,QAAA,oBAAoB,GAAG,mCAAmC,CAAC;AAC3D,QAAA,UAAU,GAAG,qBAAqB,CAAC;AACnC,QAAA,eAAe,GAAG,2CAA2C,CAAC;AAE3E,aAAa;AACA,QAAA,oBAAoB,GAAG,oBAAoB,CAAC;AAC5C,QAAA,gBAAgB,GAAG,mBAAmB,CAAC;AACvC,QAAA,mBAAmB,GAAG,mBAAmB,CAAC;AAC1C,QAAA,oBAAoB,GAAG,eAAe,CAAC;AACvC,QAAA,iBAAiB,GAAG,2BAA2B,CAAC;AAE7D,iBAAiB;AACJ,QAAA,eAAe,GAAG,kCAAkC,CAAC;AACrD,QAAA,qBAAqB,GAAG,cAAc,CAAC;AACvC,QAAA,cAAc,GAAG,KAAK,CAAC;AAEpC,iBAAiB;AACJ,QAAA,cAAc,GAAG,QAAQ,CAAC;AAC1B,QAAA,WAAW,GAAG,KAAK,CAAC;AAEjC,eAAe;AACF,QAAA,YAAY,GAAG;IAC1B,KAAK;IACL,MAAM;IACN,KAAK;IACL,OAAO;IACP,QAAQ;IACR,MAAM;IACN,SAAS;CACD,CAAC;AAEX,WAAW;AACE,QAAA,UAAU,GAAG,uBAAuB,CAAC;AACrC,QAAA,cAAc,GAAG,uBAAuB,CAAC;AACzC,QAAA,0BAA0B,GAAG,cAAc,CAAC;AAC5C,QAAA,qBAAqB,GAAG,SAAS,CAAC;AAE/C,kCAAkC;AACrB,QAAA,uBAAuB,GAAG,mBAAmB,CAAC;AAC9C,QAAA,oBAAoB,GAAG,gBAAgB,CAAC;AACxC,QAAA,cAAc,GAAG,UAAU,CAAC;AAC5B,QAAA,YAAY,GAAG,QAAQ,CAAC;AAErC,oBAAoB;AACP,QAAA,gBAAgB,GAAG,KAAK,CAAC;AACzB,QAAA,mBAAmB,GAAG,cAAc,CAAC;AACrC,QAAA,aAAa,GAAG,QAAQ,CAAC;AACzB,QAAA,iBAAiB,GAAG,kBAAkB,CAAC;AACvC,QAAA,oBAAoB,GAAG,WAAW,CAAC;AACnC,QAAA,yBAAyB,GAAG,SAAS,CAAC;AACtC,QAAA,kBAAkB,GAAG,OAAO,CAAC;AAC7B,QAAA,YAAY,GAAG,MAAM,CAAC;AACtB,QAAA,mBAAmB,GAAG,aAAa,CAAC;AACpC,QAAA,iBAAiB,GAAG,WAAW,CAAC;AAChC,QAAA,cAAc,GAAG,MAAM,CAAC;AACxB,QAAA,YAAY,GAAG,aAAa,CAAC;AAC7B,QAAA,YAAY,GAAG,SAAS,CAAC;AACzB,QAAA,gBAAgB,GAAG,YAAY,CAAC;AAE7C,+BAA+B;AAClB,QAAA,sBAAsB,GAAG,yBAAyB,CAAC;AACnD,QAAA,uBAAuB,GAAG,0BAA0B,CAAC;AACrD,QAAA,iBAAiB,GAAG,mCAAmC,CAAC;AACxD,QAAA,mBAAmB,GAAG,sBAAsB,CAAC;AAC7C,QAAA,sBAAsB,GAAG,YAAY,CAAC;AACtC,QAAA,sBAAsB,GAAG,+BAA+B,CAAC;AACzD,QAAA,oBAAoB,GAAG,4BAA4B,CAAC;AACpD,QAAA,oBAAoB,GAAG,cAAc,CAAC;AACtC,QAAA,uBAAuB,GAAG,CAAC,MAAM,EAAE,MAAM,EAAE,KAAK,CAAC,CAAC;AAClD,QAAA,kBAAkB,GAAG,iCAAiC,CAAC;AACvD,QAAA,uBAAuB,GAAG,kDAAkD,CAAC;AAC7E,QAAA,8BAA8B,GAAG,2BAA2B,CAAC;AAC7D,QAAA,mBAAmB,GAAG,6BAA6B,CAAC;AACpD,QAAA,wBAAwB,GAAG,mBAAmB,CAAC;AAE5D,iCAAiC;AACpB,QAAA,oBAAoB,GAAG,8CAA8C,CAAC;AACtE,QAAA,oBAAoB,GAAG,qCAAqC,CAAC;AAC7D,QAAA,mBAAmB,GAAG,sBAAsB,CAAC;AAE1D,kCAAkC;AACrB,QAAA,YAAY,GAAG,OAAO,CAAC;AACvB,QAAA,gBAAgB,GAAG,yBAAyB,CAAC;AAC7C,QAAA,qBAAqB,GAAG,WAAW,CAAC;AACpC,QAAA,aAAa,GAAG,MAAM,CAAC;AACvB,QAAA,cAAc,GAAG,OAAO,CAAC;AACzB,QAAA,aAAa,GAAG,MAAM,CAAC;AACvB,QAAA,kBAAkB,GAAG,yBAAyB,CAAC;AAC/C,QAAA,iBAAiB,GAAG,wBAAwB,CAAC;AAC7C,QAAA,kBAAkB,GAAG,MAAM,CAAC;AAC5B,QAAA,sBAAsB,GAAG,QAAQ,CAAC;AAClC,QAAA,qBAAqB,GAAG,OAAO,CAAC;AAChC,QAAA,qBAAqB,GAAG,QAAQ,CAAC;AACjC,QAAA,wBAAwB,GAAG,QAAQ,CAAC;AACpC,QAAA,uBAAuB,GAAG,OAAO,CAAC;AAE/C,gEAAgE;AACnD,QAAA,oBAAoB,GAAG;IAClC,KAAK;IACL,MAAM;IACN,KAAK;IACL,OAAO;IACP,QAAQ;IACR,MAAM;IACN,SAAS;CACD,CAAC;AAEX,oBAAoB;AACP,QAAA,kBAAkB,GAAG,QAAQ,CAAC;AAC9B,QAAA,kBAAkB,GAAG,QAAQ,CAAC;AAC9B,QAAA,mBAAmB,GAAG,SAAS,CAAC;AAChC,QAAA,mBAAmB,GAAG,SAAS,CAAC;AAChC,QAAA,iBAAiB,GAAG,OAAO,CAAC;AAC5B,QAAA,kBAAkB,GAAG,QAAQ,CAAC;AAC9B,QAAA,qBAAqB,GAAG,SAAS,CAAC;AAE/C,UAAU;AACG,QAAA,gBAAgB,GAAG,QAAQ,CAAC;AAC5B,QAAA,eAAe,GAAG,MAAM,CAAC;AACzB,QAAA,eAAe,GAAG,MAAM,CAAC;AACzB,QAAA,gBAAgB,GAAG,OAAO,CAAC;AAC3B,QAAA,gBAAgB,GAAG,OAAO,CAAC;AAC3B,QAAA,iBAAiB,GAAG,qBAAqB,CAAC;AAC1C,QAAA,mBAAmB,GAAG,uBAAuB,CAAC;AAC9C,QAAA,gBAAgB,GAAG,eAAe,CAAC;AACnC,QAAA,oBAAoB,GAAG,mBAAmB,CAAC;AAC3C,QAAA,wBAAwB,GAAG,uBAAuB,CAAC;AACnD,QAAA,uBAAuB,GAAG,kBAAkB,CAAC;AAC7C,QAAA,qBAAqB,GAAG,gBAAgB,CAAC;AACzC,QAAA,mBAAmB,GAAG,kBAAkB,CAAC;AACzC,QAAA,oBAAoB,GAAG,uBAAuB,CAAC;AAC/C,QAAA,sBAAsB,GAAG,iBAAiB,CAAC;AAC3C,QAAA,yBAAyB,GAAG,oBAAoB,CAAC;AACjD,QAAA,+BAA+B,GAAG,iDAAiD,CAAC;AACpF,QAAA,iCAAiC,GAAG,8BAA8B,CAAC;AACnE,QAAA,0BAA0B,GAAG,wBAAwB,CAAC;AACtD,QAAA,yBAAyB,GAAG,oBAAoB,CAAC;AACjD,QAAA,2BAA2B,GAAG,+CAA+C,CAAC;AAC9E,QAAA,iCAAiC,GAAG,4CAA4C,CAAC;AACjF,QAAA,4BAA4B,GAAG,4BAA4B,CAAC;AAC5D,QAAA,+BAA+B,GAAG,0BAA0B,CAAC;AAE1E,gBAAgB;AACH,QAAA,uBAAuB,GAAG,gCAAgC,CAAC;AAC3D,QAAA,uBAAuB,GAAG,gBAAgB,CAAC;AAC3C,QAAA,0BAA0B,GAAG,8BAA8B,CAAC;AAC5D,QAAA,yBAAyB,GAAG,sBAAsB,CAAC;AACnD,QAAA,qBAAqB,GAAG,iDAAiD,CAAC;AAC1E,QAAA,yBAAyB,GAAG,gBAAgB,CAAC;AAC7C,QAAA,+BAA+B,GAAG,sBAAsB,CAAC;AACzD,QAAA,8BAA8B,GAAG,qBAAqB,CAAC;AACvD,QAAA,8BAA8B,GAAG,qBAAqB,CAAC;AAEpE,2BAA2B;AACd,QAAA,mBAAmB,GAAG,sBAAsB,CAAC;AAC7C,QAAA,aAAa,GAAG,wBAAwB,CAAC;AACzC,QAAA,eAAe,GAAG,mBAAmB,CAAC;AACtC,QAAA,uBAAuB,GAAG,yBAAyB,CAAC;AACpD,QAAA,0BAA0B,GAAG,4BAA4B,CAAC;AAC1D,QAAA,sBAAsB,GAAG,0BAA0B,CAAC;AACpD,QAAA,aAAa,GAAG,iBAAiB,CAAC;AAClC,QAAA,aAAa,GAAG,qBAAqB,CAAC;AAEnD,uBAAuB;AACV,QAAA,sBAAsB,GAAG,yCAAyC,CAAC;AACnE,QAAA,sBAAsB,GAAG,2BAA2B,CAAC;AACrD,QAAA,yBAAyB,GAAG,6BAA6B,CAAC;AAC1D,QAAA,4BAA4B,GAAG,oCAAoC,CAAC;AACpE,QAAA,4BAA4B,GAAG,KAAK,CAAC;AACrC,QAAA,qBAAqB,GAAG,wCAAwC,CAAC;AACjE,QAAA,WAAW,GAAG,KAAK,CAAC;AACpB,QAAA,UAAU,GAAG,IAAI,CAAC;AAE/B,wBAAwB;AACX,QAAA,qBAAqB,GAAG,qBAAqB,CAAC;AAC9C,QAAA,gBAAgB,GAAG,WAAW,CAAC;AAC/B,QAAA,uBAAuB,GAAG,uBAAuB,CAAC;AAClD,QAAA,eAAe,GAAG,0BAA0B,CAAC;AAC7C,QAAA,yBAAyB,GAAG,+BAA+B,CAAC;AAC5D,QAAA,gBAAgB,GAAG,sCAAsC,CAAC;AAC1D,QAAA,gBAAgB,GAAG,kCAAkC,CAAC;AACtD,QAAA,mBAAmB,GAAG,oCAAoC,CAAC;AAExE,yCAAyC;AAC5B,QAAA,WAAW,GAAG,gBAAgB,CAAC;AAE5C,uBAAuB;AACV,QAAA,gBAAgB,GAAG,OAAO,CAAC;AAExC,qBAAqB;AACR,QAAA,qBAAqB,GAAG,GAAG,CAAC;AAC5B,QAAA,cAAc,GAAG,GAAG,CAAC;AACrB,QAAA,wBAAwB,GAAG,GAAG,CAAC;AAC/B,QAAA,4BAA4B,GAAG,GAAG,CAAC;AACnC,QAAA,gBAAgB,GAAG,CAAC,CAAC;AACrB,QAAA,kBAAkB,GAAG,CAAC,CAAC;AACvB,QAAA,gBAAgB,GAAG,CAAC,CAAC;AACrB,QAAA,mBAAmB,GAAG,GAAG,CAAC"},"_coverageSchema":"1a1c01bbd47fc00a2c39e90264f33305004495a9","hash":"41eba65f51927bd1829ffab975e439742ac93581","contentHash":"c79c534a5bcbe3fd92aa149f070227c8142c93cd5faf1a493e8eec9c96ab5b78"},"/Users/christianfindlay/Documents/Code/ApiTesting/src/Nap.VsCode/out/types.js":{"path":"/Users/christianfindlay/Documents/Code/ApiTesting/src/Nap.VsCode/out/types.js","statementMap":{"0":{"start":{"line":3,"column":0},"end":{"line":3,"column":62}},"1":{"start":{"line":4,"column":0},"end":{"line":4,"column":53}},"2":{"start":{"line":5,"column":11},"end":{"line":8,"column":2}},"3":{"start":{"line":5,"column":23},"end":{"line":8,"column":1}},"4":{"start":{"line":9,"column":0},"end":{"line":9,"column":16}},"5":{"start":{"line":10,"column":12},"end":{"line":13,"column":2}},"6":{"start":{"line":10,"column":24},"end":{"line":13,"column":1}},"7":{"start":{"line":14,"column":0},"end":{"line":14,"column":18}},"8":{"start":{"line":16,"column":0},"end":{"line":22,"column":51}},"9":{"start":{"line":17,"column":4},"end":{"line":17,"column":44}},"10":{"start":{"line":18,"column":4},"end":{"line":18,"column":50}},"11":{"start":{"line":19,"column":4},"end":{"line":19,"column":48}},"12":{"start":{"line":20,"column":4},"end":{"line":20,"column":48}},"13":{"start":{"line":21,"column":4},"end":{"line":21,"column":46}}},"fnMap":{"0":{"name":"(anonymous_0)","decl":{"start":{"line":5,"column":11},"end":{"line":5,"column":12}},"loc":{"start":{"line":5,"column":23},"end":{"line":8,"column":1}},"line":5},"1":{"name":"(anonymous_1)","decl":{"start":{"line":10,"column":12},"end":{"line":10,"column":13}},"loc":{"start":{"line":10,"column":24},"end":{"line":13,"column":1}},"line":10},"2":{"name":"(anonymous_2)","decl":{"start":{"line":16,"column":1},"end":{"line":16,"column":2}},"loc":{"start":{"line":16,"column":21},"end":{"line":22,"column":1}},"line":16}},"branchMap":{"0":{"loc":{"start":{"line":22,"column":3},"end":{"line":22,"column":49}},"type":"binary-expr","locations":[{"start":{"line":22,"column":3},"end":{"line":22,"column":11}},{"start":{"line":22,"column":16},"end":{"line":22,"column":48}}],"line":22}},"s":{"0":1,"1":1,"2":1,"3":3,"4":1,"5":1,"6":2,"7":1,"8":1,"9":1,"10":1,"11":1,"12":1,"13":1},"f":{"0":3,"1":2,"2":1},"b":{"0":[1,1]},"inputSourceMap":{"version":3,"file":"types.js","sourceRoot":"","sources":["../src/types.ts"],"names":[],"mappings":";AAAA,sDAAsD;;;AA+B/C,MAAM,EAAE,GAAG,CAAI,KAAQ,EAAoB,EAAE,CAAC,CAAC;IACpD,EAAE,EAAE,IAAI;IACR,KAAK;CACN,CAAC,CAAC;AAHU,QAAA,EAAE,MAGZ;AAEI,MAAM,GAAG,GAAG,CAAI,KAAQ,EAAoB,EAAE,CAAC,CAAC;IACrD,EAAE,EAAE,KAAK;IACT,KAAK;CACN,CAAC,CAAC;AAHU,QAAA,GAAG,OAGb;AAEH,IAAkB,QAMjB;AAND,WAAkB,QAAQ;IACxB,uCAAI,CAAA;IACJ,6CAAO,CAAA;IACP,2CAAM,CAAA;IACN,2CAAM,CAAA;IACN,yCAAK,CAAA;AACP,CAAC,EANiB,QAAQ,wBAAR,QAAQ,QAMzB"},"_coverageSchema":"1a1c01bbd47fc00a2c39e90264f33305004495a9","hash":"9e220e68687553b67a66e0a077b9fd16837bc57f","contentHash":"021f1e896f46ddff9c2cb16f0b26f32a0e2c402ab6871948dc3404187cd2bd39"},"/Users/christianfindlay/Documents/Code/ApiTesting/src/Nap.VsCode/out/htmlUtils.js":{"path":"/Users/christianfindlay/Documents/Code/ApiTesting/src/Nap.VsCode/out/htmlUtils.js","statementMap":{"0":{"start":{"line":5,"column":0},"end":{"line":5,"column":62}},"1":{"start":{"line":6,"column":0},"end":{"line":6,"column":296}},"2":{"start":{"line":7,"column":0},"end":{"line":7,"column":38}},"3":{"start":{"line":8,"column":20},"end":{"line":8,"column":42}},"4":{"start":{"line":9,"column":19},"end":{"line":13,"column":30}},"5":{"start":{"line":9,"column":29},"end":{"line":13,"column":30}},"6":{"start":{"line":14,"column":0},"end":{"line":14,"column":32}},"7":{"start":{"line":15,"column":17},"end":{"line":15,"column":105}},"8":{"start":{"line":15,"column":35},"end":{"line":15,"column":105}},"9":{"start":{"line":15,"column":132},"end":{"line":29,"column":1}},"10":{"start":{"line":16,"column":4},"end":{"line":18,"column":5}},"11":{"start":{"line":17,"column":8},"end":{"line":17,"column":40}},"12":{"start":{"line":19,"column":4},"end":{"line":21,"column":5}},"13":{"start":{"line":20,"column":8},"end":{"line":20,"column":47}},"14":{"start":{"line":22,"column":4},"end":{"line":24,"column":5}},"15":{"start":{"line":23,"column":8},"end":{"line":23,"column":49}},"16":{"start":{"line":25,"column":4},"end":{"line":27,"column":5}},"17":{"start":{"line":26,"column":8},"end":{"line":26,"column":73}},"18":{"start":{"line":28,"column":4},"end":{"line":28,"column":21}},"19":{"start":{"line":29,"column":24},"end":{"line":37,"column":1}},"20":{"start":{"line":30,"column":4},"end":{"line":32,"column":5}},"21":{"start":{"line":31,"column":8},"end":{"line":31,"column":20}},"22":{"start":{"line":33,"column":16},"end":{"line":33,"column":34}},"23":{"start":{"line":33,"column":47},"end":{"line":33,"column":96}},"24":{"start":{"line":33,"column":109},"end":{"line":35,"column":20}},"25":{"start":{"line":34,"column":23},"end":{"line":34,"column":97}},"26":{"start":{"line":36,"column":4},"end":{"line":36,"column":37}},"27":{"start":{"line":37,"column":25},"end":{"line":46,"column":1}},"28":{"start":{"line":38,"column":20},"end":{"line":38,"column":41}},"29":{"start":{"line":39,"column":4},"end":{"line":41,"column":5}},"30":{"start":{"line":40,"column":8},"end":{"line":40,"column":20}},"31":{"start":{"line":42,"column":16},"end":{"line":42,"column":34}},"32":{"start":{"line":42,"column":47},"end":{"line":42,"column":96}},"33":{"start":{"line":42,"column":106},"end":{"line":44,"column":20}},"34":{"start":{"line":43,"column":25},"end":{"line":43,"column":151}},"35":{"start":{"line":45,"column":4},"end":{"line":45,"column":34}},"36":{"start":{"line":48,"column":22},"end":{"line":48,"column":51}},"37":{"start":{"line":49,"column":4},"end":{"line":51,"column":5}},"38":{"start":{"line":50,"column":8},"end":{"line":50,"column":25}},"39":{"start":{"line":52,"column":4},"end":{"line":54,"column":5}},"40":{"start":{"line":53,"column":8},"end":{"line":53,"column":49}},"41":{"start":{"line":55,"column":4},"end":{"line":57,"column":5}},"42":{"start":{"line":56,"column":8},"end":{"line":56,"column":50}},"43":{"start":{"line":58,"column":4},"end":{"line":58,"column":103}},"44":{"start":{"line":60,"column":23},"end":{"line":68,"column":1}},"45":{"start":{"line":61,"column":4},"end":{"line":67,"column":5}},"46":{"start":{"line":62,"column":23},"end":{"line":62,"column":39}},"47":{"start":{"line":63,"column":8},"end":{"line":63,"column":40}},"48":{"start":{"line":66,"column":8},"end":{"line":66,"column":45}},"49":{"start":{"line":69,"column":0},"end":{"line":69,"column":40}},"50":{"start":{"line":73,"column":32},"end":{"line":76,"column":13}},"51":{"start":{"line":73,"column":63},"end":{"line":76,"column":13}},"52":{"start":{"line":77,"column":0},"end":{"line":77,"column":58}},"53":{"start":{"line":78,"column":30},"end":{"line":85,"column":1}},"54":{"start":{"line":79,"column":4},"end":{"line":81,"column":5}},"55":{"start":{"line":80,"column":8},"end":{"line":80,"column":18}},"56":{"start":{"line":82,"column":4},"end":{"line":84,"column":20}},"57":{"start":{"line":83,"column":25},"end":{"line":83,"column":131}},"58":{"start":{"line":86,"column":0},"end":{"line":86,"column":54}},"59":{"start":{"line":87,"column":31},"end":{"line":99,"column":1}},"60":{"start":{"line":88,"column":4},"end":{"line":90,"column":5}},"61":{"start":{"line":89,"column":8},"end":{"line":89,"column":18}},"62":{"start":{"line":91,"column":4},"end":{"line":98,"column":20}},"63":{"start":{"line":93,"column":21},"end":{"line":93,"column":55}},"64":{"start":{"line":93,"column":63},"end":{"line":93,"column":89}},"65":{"start":{"line":93,"column":100},"end":{"line":95,"column":144}},"66":{"start":{"line":96,"column":8},"end":{"line":96,"column":108}},"67":{"start":{"line":100,"column":28},"end":{"line":102,"column":8}},"68":{"start":{"line":100,"column":40},"end":{"line":102,"column":8}},"69":{"start":{"line":103,"column":23},"end":{"line":109,"column":8}},"70":{"start":{"line":103,"column":34},"end":{"line":109,"column":8}},"71":{"start":{"line":110,"column":0},"end":{"line":110,"column":40}},"72":{"start":{"line":111,"column":21},"end":{"line":121,"column":1}},"73":{"start":{"line":112,"column":4},"end":{"line":114,"column":5}},"74":{"start":{"line":113,"column":8},"end":{"line":113,"column":18}},"75":{"start":{"line":115,"column":18},"end":{"line":115,"column":77}},"76":{"start":{"line":115,"column":36},"end":{"line":115,"column":65}},"77":{"start":{"line":116,"column":4},"end":{"line":120,"column":7}},"78":{"start":{"line":122,"column":0},"end":{"line":122,"column":36}},"79":{"start":{"line":123,"column":29},"end":{"line":131,"column":1}},"80":{"start":{"line":124,"column":4},"end":{"line":126,"column":5}},"81":{"start":{"line":125,"column":8},"end":{"line":125,"column":18}},"82":{"start":{"line":127,"column":22},"end":{"line":127,"column":69}},"83":{"start":{"line":127,"column":89},"end":{"line":129,"column":12}},"84":{"start":{"line":130,"column":4},"end":{"line":130,"column":173}},"85":{"start":{"line":132,"column":30},"end":{"line":141,"column":1}},"86":{"start":{"line":133,"column":20},"end":{"line":133,"column":47}},"87":{"start":{"line":133,"column":63},"end":{"line":133,"column":120}},"88":{"start":{"line":133,"column":136},"end":{"line":135,"column":77}},"89":{"start":{"line":135,"column":90},"end":{"line":135,"column":118}},"90":{"start":{"line":136,"column":4},"end":{"line":140,"column":7}},"91":{"start":{"line":142,"column":0},"end":{"line":142,"column":54}},"92":{"start":{"line":143,"column":32},"end":{"line":143,"column":136}},"93":{"start":{"line":143,"column":52},"end":{"line":143,"column":136}},"94":{"start":{"line":144,"column":27},"end":{"line":157,"column":1}},"95":{"start":{"line":145,"column":18},"end":{"line":145,"column":20}},"96":{"start":{"line":145,"column":39},"end":{"line":145,"column":80}},"97":{"start":{"line":146,"column":4},"end":{"line":148,"column":5}},"98":{"start":{"line":147,"column":8},"end":{"line":147,"column":98}},"99":{"start":{"line":149,"column":24},"end":{"line":149,"column":74}},"100":{"start":{"line":150,"column":4},"end":{"line":152,"column":5}},"101":{"start":{"line":151,"column":8},"end":{"line":151,"column":121}},"102":{"start":{"line":153,"column":4},"end":{"line":155,"column":5}},"103":{"start":{"line":154,"column":8},"end":{"line":154,"column":147}},"104":{"start":{"line":156,"column":4},"end":{"line":156,"column":17}},"105":{"start":{"line":158,"column":31},"end":{"line":168,"column":1}},"106":{"start":{"line":159,"column":18},"end":{"line":159,"column":44}},"107":{"start":{"line":160,"column":4},"end":{"line":162,"column":5}},"108":{"start":{"line":161,"column":8},"end":{"line":161,"column":18}},"109":{"start":{"line":163,"column":4},"end":{"line":167,"column":7}},"110":{"start":{"line":169,"column":0},"end":{"line":169,"column":56}},"111":{"start":{"line":170,"column":30},"end":{"line":173,"column":49}},"112":{"start":{"line":170,"column":42},"end":{"line":173,"column":49}},"113":{"start":{"line":174,"column":0},"end":{"line":174,"column":54}},"114":{"start":{"line":175,"column":0},"end":{"line":202,"column":78}}},"fnMap":{"0":{"name":"(anonymous_0)","decl":{"start":{"line":9,"column":19},"end":{"line":9,"column":20}},"loc":{"start":{"line":9,"column":29},"end":{"line":13,"column":30}},"line":9},"1":{"name":"(anonymous_1)","decl":{"start":{"line":15,"column":17},"end":{"line":15,"column":18}},"loc":{"start":{"line":15,"column":35},"end":{"line":15,"column":105}},"line":15},"2":{"name":"(anonymous_2)","decl":{"start":{"line":15,"column":132},"end":{"line":15,"column":133}},"loc":{"start":{"line":15,"column":143},"end":{"line":29,"column":1}},"line":15},"3":{"name":"(anonymous_3)","decl":{"start":{"line":29,"column":24},"end":{"line":29,"column":25}},"loc":{"start":{"line":29,"column":43},"end":{"line":37,"column":1}},"line":29},"4":{"name":"(anonymous_4)","decl":{"start":{"line":34,"column":13},"end":{"line":34,"column":14}},"loc":{"start":{"line":34,"column":23},"end":{"line":34,"column":97}},"line":34},"5":{"name":"(anonymous_5)","decl":{"start":{"line":37,"column":25},"end":{"line":37,"column":26}},"loc":{"start":{"line":37,"column":44},"end":{"line":46,"column":1}},"line":37},"6":{"name":"(anonymous_6)","decl":{"start":{"line":43,"column":13},"end":{"line":43,"column":14}},"loc":{"start":{"line":43,"column":25},"end":{"line":43,"column":151}},"line":43},"7":{"name":"highlightJson","decl":{"start":{"line":47,"column":9},"end":{"line":47,"column":22}},"loc":{"start":{"line":47,"column":38},"end":{"line":59,"column":1}},"line":47},"8":{"name":"(anonymous_8)","decl":{"start":{"line":60,"column":23},"end":{"line":60,"column":24}},"loc":{"start":{"line":60,"column":33},"end":{"line":68,"column":1}},"line":60},"9":{"name":"(anonymous_9)","decl":{"start":{"line":73,"column":32},"end":{"line":73,"column":33}},"loc":{"start":{"line":73,"column":63},"end":{"line":76,"column":13}},"line":73},"10":{"name":"(anonymous_10)","decl":{"start":{"line":78,"column":30},"end":{"line":78,"column":31}},"loc":{"start":{"line":78,"column":43},"end":{"line":85,"column":1}},"line":78},"11":{"name":"(anonymous_11)","decl":{"start":{"line":83,"column":13},"end":{"line":83,"column":14}},"loc":{"start":{"line":83,"column":25},"end":{"line":83,"column":131}},"line":83},"12":{"name":"(anonymous_12)","decl":{"start":{"line":87,"column":31},"end":{"line":87,"column":32}},"loc":{"start":{"line":87,"column":47},"end":{"line":99,"column":1}},"line":87},"13":{"name":"(anonymous_13)","decl":{"start":{"line":92,"column":13},"end":{"line":92,"column":14}},"loc":{"start":{"line":92,"column":20},"end":{"line":97,"column":5}},"line":92},"14":{"name":"(anonymous_14)","decl":{"start":{"line":100,"column":28},"end":{"line":100,"column":29}},"loc":{"start":{"line":100,"column":40},"end":{"line":102,"column":8}},"line":100},"15":{"name":"(anonymous_15)","decl":{"start":{"line":103,"column":23},"end":{"line":103,"column":24}},"loc":{"start":{"line":103,"column":34},"end":{"line":109,"column":8}},"line":103},"16":{"name":"(anonymous_16)","decl":{"start":{"line":111,"column":21},"end":{"line":111,"column":22}},"loc":{"start":{"line":111,"column":30},"end":{"line":121,"column":1}},"line":111},"17":{"name":"(anonymous_17)","decl":{"start":{"line":115,"column":26},"end":{"line":115,"column":27}},"loc":{"start":{"line":115,"column":36},"end":{"line":115,"column":65}},"line":115},"18":{"name":"(anonymous_18)","decl":{"start":{"line":123,"column":29},"end":{"line":123,"column":30}},"loc":{"start":{"line":123,"column":41},"end":{"line":131,"column":1}},"line":123},"19":{"name":"(anonymous_19)","decl":{"start":{"line":132,"column":30},"end":{"line":132,"column":31}},"loc":{"start":{"line":132,"column":42},"end":{"line":141,"column":1}},"line":132},"20":{"name":"(anonymous_20)","decl":{"start":{"line":143,"column":32},"end":{"line":143,"column":33}},"loc":{"start":{"line":143,"column":52},"end":{"line":143,"column":136}},"line":143},"21":{"name":"(anonymous_21)","decl":{"start":{"line":144,"column":27},"end":{"line":144,"column":28}},"loc":{"start":{"line":144,"column":39},"end":{"line":157,"column":1}},"line":144},"22":{"name":"(anonymous_22)","decl":{"start":{"line":158,"column":31},"end":{"line":158,"column":32}},"loc":{"start":{"line":158,"column":43},"end":{"line":168,"column":1}},"line":158},"23":{"name":"(anonymous_23)","decl":{"start":{"line":170,"column":30},"end":{"line":170,"column":31}},"loc":{"start":{"line":170,"column":42},"end":{"line":173,"column":49}},"line":170}},"branchMap":{"0":{"loc":{"start":{"line":16,"column":4},"end":{"line":18,"column":5}},"type":"if","locations":[{"start":{"line":16,"column":4},"end":{"line":18,"column":5}},{"start":{},"end":{}}],"line":16},"1":{"loc":{"start":{"line":19,"column":4},"end":{"line":21,"column":5}},"type":"if","locations":[{"start":{"line":19,"column":4},"end":{"line":21,"column":5}},{"start":{},"end":{}}],"line":19},"2":{"loc":{"start":{"line":22,"column":4},"end":{"line":24,"column":5}},"type":"if","locations":[{"start":{"line":22,"column":4},"end":{"line":24,"column":5}},{"start":{},"end":{}}],"line":22},"3":{"loc":{"start":{"line":25,"column":4},"end":{"line":27,"column":5}},"type":"if","locations":[{"start":{"line":25,"column":4},"end":{"line":27,"column":5}},{"start":{},"end":{}}],"line":25},"4":{"loc":{"start":{"line":30,"column":4},"end":{"line":32,"column":5}},"type":"if","locations":[{"start":{"line":30,"column":4},"end":{"line":32,"column":5}},{"start":{},"end":{}}],"line":30},"5":{"loc":{"start":{"line":39,"column":4},"end":{"line":41,"column":5}},"type":"if","locations":[{"start":{"line":39,"column":4},"end":{"line":41,"column":5}},{"start":{},"end":{}}],"line":39},"6":{"loc":{"start":{"line":49,"column":4},"end":{"line":51,"column":5}},"type":"if","locations":[{"start":{"line":49,"column":4},"end":{"line":51,"column":5}},{"start":{},"end":{}}],"line":49},"7":{"loc":{"start":{"line":52,"column":4},"end":{"line":54,"column":5}},"type":"if","locations":[{"start":{"line":52,"column":4},"end":{"line":54,"column":5}},{"start":{},"end":{}}],"line":52},"8":{"loc":{"start":{"line":55,"column":4},"end":{"line":57,"column":5}},"type":"if","locations":[{"start":{"line":55,"column":4},"end":{"line":57,"column":5}},{"start":{},"end":{}}],"line":55},"9":{"loc":{"start":{"line":55,"column":8},"end":{"line":55,"column":51}},"type":"binary-expr","locations":[{"start":{"line":55,"column":8},"end":{"line":55,"column":33}},{"start":{"line":55,"column":37},"end":{"line":55,"column":51}}],"line":55},"10":{"loc":{"start":{"line":58,"column":35},"end":{"line":58,"column":101}},"type":"cond-expr","locations":[{"start":{"line":58,"column":66},"end":{"line":58,"column":77}},{"start":{"line":58,"column":80},"end":{"line":58,"column":101}}],"line":58},"11":{"loc":{"start":{"line":73,"column":90},"end":{"line":73,"column":109}},"type":"cond-expr","locations":[{"start":{"line":73,"column":97},"end":{"line":73,"column":104}},{"start":{"line":73,"column":107},"end":{"line":73,"column":109}}],"line":73},"12":{"loc":{"start":{"line":79,"column":4},"end":{"line":81,"column":5}},"type":"if","locations":[{"start":{"line":79,"column":4},"end":{"line":81,"column":5}},{"start":{},"end":{}}],"line":79},"13":{"loc":{"start":{"line":88,"column":4},"end":{"line":90,"column":5}},"type":"if","locations":[{"start":{"line":88,"column":4},"end":{"line":90,"column":5}},{"start":{},"end":{}}],"line":88},"14":{"loc":{"start":{"line":93,"column":21},"end":{"line":93,"column":55}},"type":"cond-expr","locations":[{"start":{"line":93,"column":32},"end":{"line":93,"column":42}},{"start":{"line":93,"column":45},"end":{"line":93,"column":55}}],"line":93},"15":{"loc":{"start":{"line":93,"column":63},"end":{"line":93,"column":89}},"type":"cond-expr","locations":[{"start":{"line":93,"column":74},"end":{"line":93,"column":80}},{"start":{"line":93,"column":83},"end":{"line":93,"column":89}}],"line":93},"16":{"loc":{"start":{"line":93,"column":100},"end":{"line":95,"column":144}},"type":"cond-expr","locations":[{"start":{"line":94,"column":14},"end":{"line":94,"column":16}},{"start":{"line
[...]
column":10},"end":{"line":150,"column":59}},{"start":{"line":151,"column":10},"end":{"line":151,"column":12}}],"line":149},"42":{"loc":{"start":{"line":151,"column":65},"end":{"line":151,"column":100}},"type":"cond-expr","locations":[{"start":{"line":151,"column":81},"end":{"line":151,"column":89}},{"start":{"line":151,"column":92},"end":{"line":151,"column":100}}],"line":151},"43":{"loc":{"start":{"line":155,"column":39},"end":{"line":157,"column":8}},"type":"cond-expr","locations":[{"start":{"line":156,"column":6},"end":{"line":156,"column":153}},{"start":{"line":157,"column":6},"end":{"line":157,"column":8}}],"line":155},"44":{"loc":{"start":{"line":155,"column":39},"end":{"line":155,"column":74}},"type":"binary-expr","locations":[{"start":{"line":155,"column":39},"end":{"line":155,"column":58}},{"start":{"line":155,"column":62},"end":{"line":155,"column":74}}],"line":155},"45":{"loc":{"start":{"line":157,"column":53},"end":{"line":157,"column":135}},"type":"cond-expr","locations":[{"start":{"line":157,"column":76},"end":{"line":157,"column":130}},{"start":{"line":157,"column":133},"end":{"line":157,"column":135}}],"line":157},"46":{"loc":{"start":{"line":171,"column":13},"end":{"line":171,"column":44}},"type":"cond-expr","locations":[{"start":{"line":171,"column":29},"end":{"line":171,"column":35}},{"start":{"line":171,"column":38},"end":{"line":171,"column":44}}],"line":171},"47":{"loc":{"start":{"line":172,"column":14},"end":{"line":172,"column":49}},"type":"cond-expr","locations":[{"start":{"line":172,"column":30},"end":{"line":172,"column":38}},{"start":{"line":172,"column":41},"end":{"line":172,"column":49}}],"line":172},"48":{"loc":{"start":{"line":174,"column":18},"end":{"line":174,"column":88}},"type":"cond-expr","locations":[{"start":{"line":174,"column":50},"end":{"line":174,"column":83}},{"start":{"line":174,"column":86},"end":{"line":174,"column":88}}],"line":174},"49":{"loc":{"start":{"line":175,"column":23},"end":{"line":175,"column":101}},"type":"cond-expr","locations":[{"start":{"line":175,"column":45},"end":{"line":175,"column":96}},{"start":{"line":175,"column":99},"end":{"line":175,"column":101}}],"line":175},"50":{"loc":{"start":{"line":187,"column":183},"end":{"line":187,"column":198}},"type":"binary-expr","locations":[{"start":{"line":187,"column":183},"end":{"line":187,"column":193}},{"start":{"line":187,"column":197},"end":{"line":187,"column":198}}],"line":187},"51":{"loc":{"start":{"line":187,"column":217},"end":{"line":187,"column":252}},"type":"binary-expr","locations":[{"start":{"line":187,"column":217},"end":{"line":187,"column":231}},{"start":{"line":187,"column":235},"end":{"line":187,"column":252}}],"line":187},"52":{"loc":{"start":{"line":187,"column":265},"end":{"line":187,"column":363}},"type":"cond-expr","locations":[{"start":{"line":187,"column":282},"end":{"line":187,"column":357}},{"start":{"line":187,"column":360},"end":{"line":187,"column":363}}],"line":187},"53":{"loc":{"start":{"line":194,"column":71},"end":{"line":194,"column":104}},"type":"cond-expr","locations":[{"start":{"line":194,"column":89},"end":{"line":194,"column":95}},{"start":{"line":194,"column":98},"end":{"line":194,"column":104}}],"line":194},"54":{"loc":{"start":{"line":194,"column":330},"end":{"line":194,"column":372}},"type":"cond-expr","locations":[{"start":{"line":194,"column":354},"end":{"line":194,"column":360}},{"start":{"line":194,"column":363},"end":{"line":194,"column":372}}],"line":194},"55":{"loc":{"start":{"line":199,"column":40},"end":{"line":199,"column":68}},"type":"cond-expr","locations":[{"start":{"line":199,"column":52},"end":{"line":199,"column":58}},{"start":{"line":199,"column":61},"end":{"line":199,"column":68}}],"line":199},"56":{"loc":{"start":{"line":202,"column":22},"end":{"line":202,"column":59}},"type":"cond-expr","locations":[{"start":{"line":202,"column":40},"end":{"line":202,"column":48}},{"start":{"line":202,"column":51},"end":{"line":202,"column":59}}],"line":202},"57":{"loc":{"start":{"line":202,"column":74},"end":{"line":202,"column":132}},"type":"cond-expr","locations":[{"start":{"line":202,"column":92},"end":{"line":202,"column":110}},{"start":{"line":202,"column":113},"end":{"line":202,"column":132}}],"line":202},"58":{"loc":{"start":{"line":202,"column":147},"end":{"line":202,"column":184}},"type":"cond-expr","locations":[{"start":{"line":202,"column":165},"end":{"line":202,"column":173}},{"start":{"line":202,"column":176},"end":{"line":202,"column":184}}],"line":202}},"s":{"0":1,"1":17,"2":17,"3":17,"4":17,"5":17,"6":27,"7":17,"8":0,"9":0,"10":0,"11":1,"12":1,"13":0,"14":1,"15":1,"16":1,"17":0,"18":0,"19":0,"20":0,"21":0,"22":1,"23":1,"24":1,"25":0,"26":1,"27":1,"28":1,"29":1,"30":1,"31":17,"32":17,"33":1,"34":1,"35":1,"36":1,"37":1,"38":1,"39":1,"40":1,"41":1,"42":26,"43":26,"44":26,"45":26,"46":1,"47":26,"48":0,"49":26,"50":26,"51":26,"52":1,"53":54,"54":22,"55":32,"56":44,"57":1,"58":54,"59":54,"60":22,"61":32,"62":1,"63":27,"64":26,"65":1,"66":2,"67":1,"68":1,"69":27,"70":1,"71":26,"72":1,"73":27,"74":1,"75":27,"76":21,"77":6,"78":6,"79":6,"80":1,"81":53,"82":1,"83":27,"84":27,"85":27,"86":27,"87":27,"88":1,"89":27,"90":27,"91":26,"92":27,"93":27,"94":26,"95":27,"96":27,"97":26,"98":27,"99":1,"100":26,"101":1,"102":27,"103":27,"104":27,"105":27,"106":1,"107":27,"108":1,"109":27,"110":1,"111":27,"112":1,"113":27,"114":26,"115":27,"116":27,"117":1,"118":27,"119":1,"120":27,"121":27,"122":27,"123":1,"124":22,"125":22,"126":27,"127":22,"128":22,"129":27,"130":22,"131":22,"132":22,"133":1,"134":22,"135":1,"136":88,"137":1,"138":22,"139":22,"140":22,"141":22,"142":22,"143":22,"144":22,"145":1,"146":22,"147":1,"148":22,"149":22,"150":22,"151":22,"152":1,"153":22,"154":1,"155":22,"156":1,"157":22,"158":1,"159":22,"160":1,"161":22,"162":22,"163":27,"164":22,"165":22,"166":22,"167":1},"f":{"0":17,"1":27,"2":0,"3":1,"4":0,"5":1,"6":1,"7":0,"8":1,"9":26,"10":26,"11":26,"12":54,"13":44,"14":54,"15":27,"16":2,"17":27,"18":27,"19":27,"20":53,"21":27,"22":27,"23":27,"24":27,"25":27,"26":27,"27":27,"28":26,"29":27,"30":27,"31":22,"32":27,"33":27,"34":22,"35":88,"36":22,"37":22,"38":22,"39":22,"40":22,"41":22,"42":22,"43":22,"44":27},"b":{"0":[1,1,1],"1":[1,0],"2":[17,0],"3":[17,0],"4":[17,17],"5":[0,17],"6":[17,0],"7":[0,0],"8":[1,1,1],"9":[1,0],"10":[1,1,1],"11":[1,0],"12":[0,0],"13":[0,1],"14":[1,1],"15":[1,0],"16":[17,0],"17":[19,7],"18":[19,7],"19":[19,7],"20":[0,26],"21":[22,32],"22":[22,32],"23":[26,1],"24":[27,1],"25":[1,26],"26":[27,26],"27":[6,21],"28":[27,6],"29":[6,0],"30":[21,6],"31":[27,6],"32":[6,0],"33":[6,6],"34":[26,27],"35":[6,21],"36":[26,1],"37":[26,1],"38":[26,1],"39":[1,26],"40":[26,1],"41":[27,0],"42":[20,7],"43":[7,20],"44":[27,7],"45":[26,1],"46":[20,7],"47":[20,7],"48":[27,0],"49":[26,1],"50":[27,0],"51":[22,21],"52":[21,1],"53":[14,8],"54":[7,15],"55":[14,8],"56":[14,8],"57":[14,8],"58":[14,8]},"inputSourceMap":{"version":3,"file":"reportGenerator.js","sourceRoot":"","sources":["../src/reportGenerator.ts"],"names":[],"mappings":";AAAA,0BAA0B;AAC1B,wDAAwD;AACxD,4CAA4C;AAC5C,kDAAkD;;;;;;;;;;;;;;;;;;;;;;;;;;;;;;;;;;;;AAElD,2CAA6B;AAE7B,2CAAyD;AACzD,iDAA+C;AAC/C,2CAWqB;AAErB,MAAM,uBAAuB,GAAG,CAAC,CAKhC,EAAU,EAAE;IACX,MAAM,GAAG,GAAG,CAAC,CAAC,MAAM,CAAC,CAAC,CAAC,MAAM,CAAC,CAAC,CAAC,MAAM,EACrC,IAAI,GAAG,CAAC,CAAC,MAAM,CAAC,CAAC,CAAC,QAAQ,CAAC,CAAC,CAAC,QAAQ,EACrC,MAAM,GAAG,CAAC,CAAC,MAAM;QAChB,CAAC,CAAC,EAAE;QACJ,CAAC,CAAC,4CAA4C,IAAA,sBAAU,EAAC,CAAC,CAAC,QAAQ,CAAC,cAAc,IAAA,sBAAU,EAAC,CAAC,CAAC,MAAM,CAAC,SAAS,CAAC;IAClH,OAAO,6BAA6B,GAAG;uCACF,IAAI;yCACF,IAAA,sBAAU,EAAC,CAAC,CAAC,MAAM,CAAC;UACnD,MAAM;aACH,CAAC;AACd,CAAC,EAEA,qBAAqB,GAAG,CAAC,MAAiB,EAAU,EAAE;IACrD,IAAI,MAAM,CAAC,UAAU,CAAC,MAAM,KAAK,CAAC,EAAE,CAAC;QAAA,OAAO,EAAE,CAAC;IAAA,CAAC;IAEhD,MAAM,IAAI,GAAG,MAAM,CAAC,UAAU;SAC3B,GAAG,CAAC,CAAC,CAAC,EAAE,EAAE,CAAC,uBAAuB,CAAC,CAAC,CAAC,CAAC;SACtC,IAAI,CAAC,IAAI,CAAC,CAAC;IAEd,OAAO;;mCAE0B,IAAI;SAC9B,CAAC;AACV,CAAC,EAEA,uBAAuB,GAAG,CACzB,OAAqD,EAC7C,EAAE;IACV,IAAI,CAAC,OAAO,EAAE,CAAC;QAAA,OAAO,EAAE,CAAC;IAAA,CAAC;IAE1B,OAAO,MAAM,CAAC,OAAO,CAAC,OAAO,CAAC;SAC3B,GAAG,CACF,CAAC,CAAC,CAAC,EAAE,CAAC,CAAC,EAAE,EAAE,CACT,yBAAyB,IAAA,sBAAU,EAAC,CAAC,CAAC,0BAA0B,IAAA,sBAAU,EAAC,CAAC,CAAC,YAAY,CAC5F;SACA,IAAI,CAAC,IAAI,CAAC,CAAC;AAChB,CAAC,EAEA,yBAAyB,GAAG,CAC3B,KAAa,EACb,OAAqD,EAC7C,EAAE;IACV,MAAM,IAAI,GAAG,uBAAuB,CAAC,OAAO,CAAC,CAAC;IAC9C,IAAI,CAAC,IAAI,EAAE,CAAC;QAAA,OAAO,EAAE,CAAC;IAAA,CAAC;IAEvB,OAAO;wCAC+B,KAAK;;;eAG9B,IAAI;;SAEV,CAAC;AACV,CAAC,EAEA,cAAc,GAAG,CAAC,GAAkC,EAAU,EAAE;IAC/D,IAAI,CAAC,GAAG,IAAI,GAAG,CAAC,MAAM,KAAK,CAAC,EAAE,CAAC;QAAA,OAAO,EAAE,CAAC;IAAA,CAAC;IAE1C,MAAM,KAAK,GAAG,GAAG,CAAC,GAAG,CAAC,CAAC,IAAI,EAAE,EAAE,CAAC,IAAA,sBAAU,EAAC,IAAI,CAAC,CAAC,CAAC,IAAI,CAAC,IAAI,CAAC,CAAC;IAE7D,OAAO;;8BAEqB,KAAK;SAC1B,CAAC;AACV,CAAC,EAEA,eAAe,GAAG,CAAC,IAAwB,EAAU,EAAE;IACtD,IAAI,IAAI,KAAK,SAAS,IAAI,IAAI,KAAK,EAAE,EAAE,CAAC;QAAA,OAAO,EAAE,CAAC;IAAA,CAAC;IAEnD,OAAO;;8BAEqB,IAAA,0BAAc,EAAC,IAAI,CAAC;SACzC,CAAC;AACV,CAAC,EAEA,qBAAqB,GAAG,CAAC,MAAiB,EAAU,EAAE,CACrD,MAAM,CAAC,UAAU,KAAK,SAAS,IAAI,MAAM,CAAC,UAAU,KAAK,EAAE;IACzD,CAAC,CAAC,kEAAkE,IAAA,sBAAU,EAAC,MAAM,CAAC,aAAa,IAAI,EAAE,CAAC,WAAW,IAAA,sBAAU,EAAC,MAAM,CAAC,UAAU,CAAC,QAAQ;IAC1J,CAAC,CAAC,EAAE,EAEP,sBAAsB,GAAG,CAAC,MAAiB,EAAU,EAAE;IACtD,IAAI,MAAM,CAAC,WAAW,KAAK,SAAS,IAAI,MAAM,CAAC,WAAW,KAAK,EAAE,EAAE,CAAC;QAAA,OAAO,EAAE,CAAC;IAAA,CAAC;IAC/E,MAAM,SAAS,GAAG,IAAA,0BAAc,EAAC,MAAM,CAAC,WAAW,CAAC,EACnD,eAAe,GAAG,MAAM,CAAC,sBAAsB,KAAK,SAAS,IAAI,MAAM,CAAC,sBAAsB,KAAK,EAAE;QACpG,CAAC,CAAC,kCAAkC,IAAA,sBAAU,EAAC,MAAM,CAAC,sBAAsB,CAAC,QAAQ;QACrF,CAAC,CAAC,EAAE,CAAC;IACP,OAAO;wCAC+B,sCAA0B;MAC5D,eAAe;8BACS,SAAS;SAC9B,CAAC;AACV,CAAC,EAEA,2BAA2B,GAAG,CAAC,EAC9B,KAAK,EACL,OAAO,EACP,IAAI,GAKL,EAAU,EAAE,CACX,gCAAgC,IAAI,CAAC,CAAC,CAAC,OAAO,CAAC,CAAC,CAAC,EAAE;6EACwB,KAAK;wCAC1C,OAAO;aAClC,EAEZ,uBAAuB,GAAG,CAAC,MAAiB,EAAU,EAAE;IACvD,MAAM,OAAO,GAAG,qBAAqB,CAAC,MAAM,CAAC,EAC5C,WAAW,GAAG,yBAAyB,CAAC,yCAA6B,EAAE,MAAM,CAAC,cAAc,CAAC,EAC7F,QAAQ,GAAG,sBAAsB,CAAC,MAAM,CAAC,EACzC,OAAO,GAAG,GAAG,OAAO,GAAG,WAAW,GAAG,QAAQ,EAAE,CAAC;IAEjD,OAAO,2BAA2B,CAAC;QACjC,KAAK,EAAE,iCAAqB;QAC5B,OAAO,EAAE,OAAO,KAAK,EAAE,CAAC,CAAC,CAAC,OAAO,CAAC,CAAC,CAAC,oDAAoD;QACxF,IAAI,EAAE,KAAK;KACZ,CAAC,CAAC;AACL,CAAC,EAEA,wBAAwB,GAAG,CAAC,MAAiB,EAAU,EAAE;IACxD,MAAM,KAAK,GAAa,EAAE,CAAC;IAE3B,IAAI,MAAM,CAAC,UAAU,CAAC,MAAM,GAAG,CAAC,EAAE,CAAC;QACjC,KAAK,CAAC,IAAI,CAAC,qBAAqB,CAAC,MAAM,CAAC,CAAC,CAAC;IAC5C,CAAC;IAED,MAAM,WAAW,GAAG,yBAAyB,CAAC,0CAA8B,EAAE,MAAM,CAAC,OAAO,CAAC,CAAC;IAC9F,IAAI,WAAW,KAAK,EAAE,EAAE,CAAC;QACvB,KAAK,CAAC,IAAI,CAAC,WAAW,CAAC,CAAC;IAC1B,CAAC;IAED,MAAM,QAAQ,GAAG,eAAe,CAAC,MAAM,CAAC,IAAI,CAAC,CAAC;IAC9C,IAAI,QAAQ,KAAK,EAAE,EAAE,CAAC;QACpB,KAAK,CAAC,IAAI,CAAC,QAAQ,CAAC,CAAC;IACvB,CAAC;IAED,IAAI,KAAK,CAAC,MAAM,KAAK,CAAC,EAAE,CAAC;QAAA,OAAO,EAAE,CAAC;IAAA,CAAC;IAEpC,OAAO,2BAA2B,CAAC;QACjC,KAAK,EAAE,kCAAsB;QAC7B,OAAO,EAAE,KAAK,CAAC,IAAI,CAAC,IAAI,CAAC;QACzB,IAAI,EAAE,IAAI;KACX,CAAC,CAAC;AACL,CAAC,EAEA,mBAAmB,GAAG,CAAC,MAAiB,EAAE,GAAW,EAAE,QAAgB,EAAU,EAAE;IAClF,MAAM,SAAS,GACb,MAAM,CAAC,UAAU,KAAK,SAAS;QAC7B,CAAC,CAAC,4BAA4B,MAAM,CAAC,UAAU,SAAS;QACxD,CAAC,CAAC,EAAE,EAEP,aAAa,GAAG,QAAQ,KAAK,EAAE;QAC9B,CAAC,CAAC,gCAAgC,QAAQ,SAAS;QACnD,CAAC,CAAC,EAAE,EAEL,WAAW,GAAG,6BAA6B,GAAG,KAAK,MAAM,CAAC,MAAM,CAAC,CAAC,CAAC,QAAQ,CAAC,CAAC,CAAC,QAAQ,SAAS,CAAC;IAEjG,OAAO,GAAG,SAAS;UACX,aAAa;UACb,WAAW,EAAE,CAAC;AACxB,CAAC,EAEA,sBAAsB,GAAG,CAAC,KAAyB,EAAU,EAAE,CAC9D,KAAK,KAAK,SAAS,IAAI,KAAK,KAAK,EAAE;IACjC,CAAC,CAAC,mGAAmG,IAAA,sBAAU,EAAC,KAAK,CAAC,cAAc;IACpI,CAAC,CAAC,EAAE,EAEP,qBAAqB,GAAG,CAAC,aAAqB,EAAU,EAAE,CACzD,aAAa,KAAK,EAAE,CAAC,CAAC,CAAC,gCAAgC,aAAa,SAAS,CAAC,CAAC,CAAC,EAAE,EAEnF,mBAAmB,GAAG,CAAC,IAQvB,EAAU,EAAE,CAAC;mDACqC,IAAI,CAAC,KAAK;mCAC1B,IAAI,CAAC,GAAG,KAAK,IAAI,CAAC,IAAI;;iCAExB,IAAA,sBAAU,EAAC,IAAI,CAAC,QAAQ,CAAC;iCACzB,qBAAqB,CAAC,IAAI,CAAC,aAAa,CAAC;;;UAGhE,mBAAmB,CAAC,IAAI,CAAC,MAAM,EAAE,IAAI,CAAC,GAAG,EAAE,IAAI,CAAC,QAAQ,CAAC;;;WAGxD,EAEV,kBAAkB,GAAG,CAAC,MAAiB,EAMtC,EAAE;IACF,MAAM,gBAAgB,GAAG,MAAM,CAAC,UAAU,CAAC,MAAM,CAAC,CAAC,CAAC,EAAE,EAAE,CAAC,CAAC,CAAC,MAAM,CAAC,CAAC,MAAM,EACxE,eAAe,GAAG,MAAM,CAAC,UAAU,CAAC,MAAM,CAAC;IAC5C,OAAO;QACL,GAAG,EAAE,MAAM,CAAC,MAAM,CAAC,CAAC,CAAC,MAAM,CAAC,CAAC,CAAC,MAAM;QACpC,IAAI,EAAE,MAAM,CAAC,MAAM,CAAC,CAAC,CAAC,QAAQ,CAAC,CAAC,CAAC,QAAQ;QACzC,QAAQ,EAAE,IAAI,CAAC,QAAQ,CAAC,MAAM,CAAC,IAAI,CAAC;QACpC,QAAQ,EAAE,MAAM,CAAC,QAAQ,KAAK,SAAS,CAAC,CAAC,CAAC,GAAG,MAAM,CAAC,QAAQ,CAAC,OAAO,CAAC,CAAC,CAAC,IAAI,CAAC,CAAC,CAAC,EAAE;QAChF,aAAa,EAAE,eAAe,GAAG,CAAC,CAAC,CAAC,CAAC,GAAG,gBAAgB,IAAI,eAAe,aAAa,CAAC,CAAC,CAAC,EAAE;KAC9F,CAAC;AACJ,CAAC,EAEA,mBAAmB,GAAG,CAAC,MAAiB,EAAU,EAAE,CACnD,GAAG,sBAAsB,CAAC,MAAM,CAAC,KAAK,CAAC;QACjC,cAAc,CAAC,MAAM,CAAC,GAAG,CAAC;QAC1B,uBAAuB,CAAC,MAAM,CAAC;QAC/B,wBAAwB,CAAC,MAAM,CAAC,EAAE,EAEzC,aAAa,GAAG,CAAC,MAAiB,EAAE,KAAa,EAAU,EAAE;IAC5D,MAAM,KAAK,GAAG,kBAAkB,CAAC,MAAM,CAAC,EACvC,MAAM,GAAG,mBAAmB,CAAC,EAAE,MAAM,EAAE,KAAK,EAAE,GAAG,KAAK,EAAE,CAAC,CAAC;IAC3D,OAAO,sCAAsC,KAAK;MAC9C,MAAM;+BACmB,mBAAmB,CAAC,MAAM,CAAC;SACjD,CAAC;AACV,CAAC,EAEA,kBAAkB,GAAG,CAAC,OAA6B,EAOlD,EAAE;IACF,MAAM,UAAU,GAAG,OAAO,CAAC,MAAM,EAChC,WAAW,GAAG,OAAO,CAAC,MAAM,CAAC,CAAC,CAAC,EAAE,EAAE,CAAC,CAAC,CAAC,MAAM,CAAC,CAAC,MAAM,EACpD,WAAW,GAAG,UAAU,GAAG,WAAW,EACtC,aAAa,GAAG,OAAO,CAAC,MAAM,CAC7B,CAAC,GAAG,EAAE,CAAC,EAAE,EAAE,CAAC,GAAG,GAAG,CAAC,CAAC,CAAC,QAAQ,IAAI,CAAC,CAAC,EACnC,CAAC,CACF,EACA,SAAS,GAAG,UAAU,GAAG,CAAC,IAAI,WAAW,KAAK,CAAC,EAC/C,QAAQ,GACP,UAAU,GAAG,CAAC,CAAC,CAAC,CAAC,CAAC,CAAC,WAAW,GAAG,UAAU,CAAC,GAAG,iCAAqB,CAAC,CAAC,OAAO,CAAC,CAAC,CAAC,CAAC,CAAC,CAAC,GAAG,CAAC;IACzF,OAAO,EAAE,UAAU,EAAE,WAAW,EAAE,WAAW,EAAE,aAAa,EAAE,SAAS,EAAE,QAAQ,EAAE,CAAC;AACtF,CAAC,EAEA,wBAAwB,GAAG,CAAC,KAK5B,EAAU,EAAE,CAAC;gCACkB,KAAK,CAAC,SAAS;iCACd,KAAK,CAAC,UAAU;cACnC,KAAK,CAAC,UAAU;WACnB,EAEV,aAAa,GAAG,CAAC,IAKjB,EAAU,EAAE,CACX,kDAAkD,IAAI,CAAC,KAAK,gCAAgC,IAAI,CAAC,QAAQ,KAAK,IAAI,CAAC,KAAK,+BAA+B,IAAI,CAAC,GAAG,cAAc,EAE9K,oBAAoB,GAAG,CAAC,KAA4C,EAAU,EAAE;IAC/E,MAAM,YAAY,GAAG,aAAa,CAAC,EAAE,KAAK,EAAE,WAAW,EAAE,QAAQ,EAAE,KAAK,CAAC,SAAS,CAAC,CAAC,CAAC,MAAM,CAAC,CAAC,CAAC,MAAM,EAAE,KAAK,EAAE,GAAG,KAAK,CAAC,QAAQ,GAAG,EAAE,GAAG,EAAE,GAAG,KAAK,CAAC,WAAW,OAAO,KAAK,CAAC,UAAU,QAAQ,EAAE,CAAC,EAC7L,UAAU,GAAG,aAAa,CAAC,EAAE,KAAK,EAAE,QAAQ,EAAE,QAAQ,EAAE,MAAM,EAAE,KAAK,EAAE,GAAG,KAAK,CAAC,WAAW,EAAE,EAAE,GAAG,EAAE,iBAAiB,EAAE,CAAC,EACxH,SAAS,GAAG,KAAK,CAAC,WAAW,GAAG,CAAC,CAAC,CAAC,CAAC,MAAM,CAAC,CAAC,CAAC,SAAS,EACtD,UAAU,GAAG,aAAa,CAAC,EAAE,KAAK,EAAE,QAAQ,EAAE,QAAQ,EAAE,SAAS,EAAE,KAAK,EAAE,GAAG,KAAK,CAAC,WAAW,EAAE,EAAE,GAAG,EAAE,cAAc,EAAE,CAAC,EACxH,WAAW,GAAG,GAAG,KAAK,CAAC,aAAa,CAAC,OAAO,CAAC,CAAC,CAAC,4DAA4D,EAC3G,YAAY,GAAG,aAAa,CAAC,EAAE,KAAK,EAAE,UAAU,EAAE,QAAQ,EAAE,SAAS,EAAE,KAAK,EAAE,WAAW,EAAE,GAAG,EAAE,sBAAsB,EAAE,CAAC,CAAC;IAC3H,OAAO,2BAA2B,YAAY,GAAG,UAAU,GAAG,UAAU,GAAG,YAAY,QAAQ,CAAC;AAClG,CAAC,EAEA,sBAAsB,GAAG,CAAC,QAAgB,EAAE,SAAkB,EAAU,EAAE,CAAC;;;wCAGpC,SAAS,CAAC,CAAC,CAAC,MAAM,CAAC,CAAC,CAAC,OAAO,mBAAmB,QAAQ,kBAAkB,QAAQ;;WAE9G,EAEV,oBAAoB,GAAG,CAAC,KAA4C,EAAE,SAAiB,EAAU,EAAE;IAClG,MAAM,SAAS,GAAG,KAAK,CAAC,SAAS,CAAC,CAAC,CAAC,QAAQ,CAAC,CAAC,CAAC,QAAQ,EACtD,UAAU,GAAG,KAAK,CAAC,SAAS,CAAC,CAAC,CAAC,kBAAkB,CAAC,CAAC,CAAC,mBAAmB,EACvE,UAAU,GAAG,KAAK,CAAC,SAAS,CAAC,CAAC,CAAC,QAAQ,CAAC,CAAC,CAAC,QAAQ,CAAC;IAEpD,OAAO;MACH,wBAAwB,CAAC,EAAE,SAAS,EAAE,KAAK,CAAC,SAAS,EAAE,SAAS,EAAE,UAAU,EAAE,UAAU,EAAE,CAAC;MAC3F,oBAAoB,CAAC,KAAK,CAAC;MAC3B,sBAAsB,CAAC,KAAK,CAAC,QAAQ,EAAE,KAAK,CAAC,SAAS,CAAC;wCACrB,KAAK,CAAC,UAAU;;QAEhD,SAAS;;SAER,CAAC;AACV,CAAC,EAEA,iBAAiB,GAAG,GAAW,EAAE,CAAC;;MAE7B,sCAA0B,aAAa,sBAAU,yBAAyB,iCAAqB,aAAa,0BAAc;SACvH,EAER,mBAAmB,GAAG,CAAC,YAAoB,EAAE,SAAiB,EAAU,EAAE,CAAC;;;;YAIhE,IAAA,sBAAU,EAAC,YAAY,CAAC;oCACA,IAAA,sBAAU,EAAC,SAAS,CAAC;;SAEhD,EAER,uBAAuB,GAAG,GAAW,EAAE,CAAC;;;;;;;YAO7B,EAEX,eAAe,GAAG,CAAC,YAAoB,EAAU,EAAE,CAAC;;;yBAG5B,IAAA,sBAAU,EAAC,YAAY,CAAC;SACxC,4BAAa;QACd,CAAC;AAEF,MAAM,sBAAsB,GAAG,CACpC,YAAoB,EACpB,OAA6B,EACrB,EAAE;IACV,MAAM,KAAK,GAAG,kBAAkB,CAAC,OAAO,CAAC,EACxC,SAAS,GAAG,OAAO,CAAC,GAAG,CAAC,CAAC,MAAM,EAAE,KAAK,EAAE,EAAE,CAAC,aAAa,CAAC,MAAM,EAAE,KAAK,CAAC,CAAC,CAAC,IAAI,CAAC,IAAI,CAAC,EACnF,IAAI,GAAG,mBAAmB,CAAC,YAAY,EAAE,IAAI,IAAI,EAAE,CAAC,cAAc,EAAE,CAAC,EACrE,SAAS,GAAG,oBAAoB,CAAC,KAAK,EAAE,SAAS,CAAC,CAAC;IACpD,OAAO;;EAEP,eAAe,CAAC,YAAY,CAAC;;IAE3B,IAAI;IACJ,SAAS;IACT,iBAAiB,EAAE;IACnB,uBAAuB,EAAE;;QAErB,CAAC;AACT,CAAC,CAAC;AAlBW,QAAA,sBAAsB,0BAkBjC"},"_coverageSchema":"1a1c01bbd47fc00a2c39e90264f33305004495a9","hash":"181319841bbf57762a4de8f39bf970af23686e5d","contentHash":"d49812a5b8e4964c52af397e633afabca95f907c4ef136655780ac444af4502b"},"/Users/christianfindlay/Documents/Code/ApiTesting/src/Nap.VsCode/out/reportStyles.js":{"path":"/Users/christianfindlay/Documents/Code/ApiTesting/src/Nap.VsCode/out/reportStyles.js","statementMap":{"0":{"start":{"line":4,"column":0},"end":{"line":4,"column":62}},"1":{"start":{"line":5,"column":0},"end":{"line":5,"column":31}},"2":{"start":{"line":6,"column":22},"end":{"line":6,"column":31}},"3":{"start":{"line":6,"column":50},"end":{"line":6,"column":59}},"4":{"start":{"line":6,"column":77},"end":{"line":6,"column":86}},"5":{"start":{"line":6,"column":105},"end":{"line":6,"column":114}},"6":{"start":{"line":6,"column":133},"end":{"line":6,"column":142}},"7":{"start":{"line":6,"column":163},"end":{"line":6,"column":172}},"8":{"start":{"line":6,"column":191},"end":{"line":6,"column":200}},"9":{"start":{"line":6,"column":223},"end":{"line":6,"column":232}},"10":{"start":{"line":6,"column":254},"end":{"line":6,"column":263}},"11":{"start":{"line":6,"column":287},"end":{"line":6,"column":296}},"12":{"start":{"line":6,"column":322},"end":{"line":6,"column":331}},"13":{"start":{"line":6,"column":350},"end":{"line":6,"column":359}},"14":{"start":{"line":6,"column":382},"end":{"line":6,"column":391}},"15":{"start":{"line":6,"column":413},"end":{"line":6,"column":422}},"16":{"start":{"line":6,"column":446},"end":{"line":6,"column":455}},"17":{"start":{"line":6,"column":481},"end":{"line":6,"column":490}},"18":{"start":{"line":7,"column":0},"end":{"line":396,"column":2}}},"fnMap":{},"branchMap":{},"s":{"0":1,"1":1,"2":1,"3":1,"4":1,"5":1,"6":1,"7":1,"8":1,"9":1,"10":1,"11":1,"12":1,"13":1,"14":1,"15":1,"16":1,"17":1,"18":1},"f":{},"b":{},"inputSourceMap":{"version":3,"file":"reportStyles.js","sourceRoot":"","sources":["../src/reportStyles.ts"],"names":[],"mappings":";AAAA,yCAAyC;AACzC,qDAAqD;;;AAErD,MAAM,aAAa,GAAG,SAAS,EAC9B,cAAc,GAAG,SAAS,EAC1B,aAAa,GAAG,SAAS,EACzB,cAAc,GAAG,SAAS,EAC1B,cAAc,GAAG,SAAS,EAC1B,gBAAgB,GAAG,SAAS,EAC5B,cAAc,GAAG,SAAS,EAC1B,kBAAkB,GAAG,SAAS,EAC9B,iBAAiB,GAAG,SAAS,EAC7B,mBAAmB,GAAG,SAAS,EAC/B,qBAAqB,GAAG,SAAS,EACjC,cAAc,GAAG,SAAS,EAC1B,kBAAkB,GAAG,SAAS,EAC9B,iBAAiB,GAAG,SAAS,EAC7B,mBAAmB,GAAG,SAAS,EAC/B,qBAAqB,GAAG,SAAS,CAAC;AAEtB,QAAA,aAAa,GAAG;;;;;;;kBAOX,cAAc;aACnB,mBAAmB;;;;;;0CAMU,qBAAqB,QAAQ,mBAAmB,SAAS,aAAa;;;;;;;;;;;;;;;;;;;;;;;;;;;;;;;;;;;;;;;;;;;;;;;;;;kBAkD9F,cAAc;;;;wBAIR,aAAa;;;;;;;;;;;;;;aAcxB,qBAAqB;;;;;8BAKJ,iBAAiB;8BACjB,iBAAiB;iCACd,mBAAmB;wCACZ,qBAAqB;;;;;;;;;;;;;;;kBAe3C,cAAc;wBACR,kBAAkB;;;;;kBAKxB,cAAc;wBACR,kBAAkB;;;;;;;;;;;;;;;qDAeW,iBAAiB;qDACjB,iBAAiB;;;;;;kBAMpD,aAAa;;;;;;;;;;;iEAWkC,iBAAiB;iEACjB,iBAAiB;;yCAEzC,iBAAiB,QAAQ,iBAAiB,qBAAqB,iBAAiB,qBAAqB,iBAAiB;;;;;;;aAOlJ,mBAAmB;;;;;;;kBAOd,cAAc;;wBAER,aAAa;;;;;;;;;;;;;;;;;;qCAkBA,cAAc;;;;;;;;;;;;;;uCAcZ,cAAc,YAAY,iBAAiB,uBAAuB,kBAAkB;uCACpF,cAAc,YAAY,iBAAiB,uBAAuB,kBAAkB;;;2DAGhE,mBAAmB;;8CAEhC,qBAAqB;;;;;;;;;;;;qCAY9B,cAAc,uCAAuC,kBAAkB;qCACvE,cAAc,uCAAuC,kBAAkB;;;;;aAK/F,qBAAqB;;;;;;;;;;;4BAWN,aAAa;;;;;;;;;;;wDAWe,aAAa;6IACwE,cAAc,kEAAkE,mBAAmB;;oDAE5L,qBAAqB;;;;;mDAKtB,aAAa;yBACvC,qBAAqB;gCACd,qBAAqB;;;;;;;;aAQxC,qBAAqB;;;;;kBAKhB,cAAc;wBACR,kBAAkB;;;;;;;;;;;;;;;;;;;;;sCAqBJ,cAAc;sCACd,cAAc;;iDAEH,iBAAiB;iDACjB,iBAAiB;;;;;aAKrD,qBAAqB;;;;;;;;;;;wBAWV,aAAa;;;;;;kBAMnB,cAAc;;;;;aAKnB,qBAAqB;+BACH,aAAa;;;;;+BAKb,aAAa;;;;0EAI8B,mBAAmB;mCAC1D,qBAAqB;;;kBAGtC,cAAc;aACnB,gBAAgB;;;;;;;;;;;;;;;;;;kBAkBX,cAAc;;;;;;;;;;;;;;;aAenB,qBAAqB;;4BAEN,aAAa;;;uBAGlB,aAAa;;;;;;;;;;;;;;;;;;CAkBnC,CAAC"},"_coverageSchema":"1a1c01bbd47fc00a2c39e90264f33305004495a9","hash":"947ac38ae6ba172499c39c879890ea3bcbbf376f","contentHash":"a08d9f6d87d491953ce5c7ff34e3ad1d478229f439fc1e8dc9af76815db33358"}}